{"level":"\u001b[32minfo\u001b[39m","message":"{\"method\":\"GET\",\"url\":\"/user/cases/\",\"status\":\"200\",\"responseTime\":\"148.530\"}","timestamp":"2025-03-12T13:16:56.498Z"}
{"level":"\u001b[32minfo\u001b[39m","message":"{\"method\":\"GET\",\"url\":\"/user/cases/\",\"status\":\"200\",\"responseTime\":\"135.058\"}","timestamp":"2025-03-12T13:17:22.077Z"}
{"level":"\u001b[32minfo\u001b[39m","message":"{\"method\":\"GET\",\"url\":\"/user/67c5425bf76ea7ba4f81e267\",\"status\":\"200\",\"responseTime\":\"47.137\"}","timestamp":"2025-03-12T13:18:57.758Z"}
{"level":"\u001b[32minfo\u001b[39m","message":"{\"method\":\"GET\",\"url\":\"/user/cases?page=1&limit=5\",\"status\":\"200\",\"responseTime\":\"133.655\"}","timestamp":"2025-03-12T13:18:57.859Z"}
{"level":"\u001b[32minfo\u001b[39m","message":"{\"method\":\"GET\",\"url\":\"/user/67c5425bf76ea7ba4f81e267\",\"status\":\"304\",\"responseTime\":\"35.101\"}","timestamp":"2025-03-12T13:18:58.919Z"}
{"level":"\u001b[32minfo\u001b[39m","message":"{\"method\":\"GET\",\"url\":\"/user/cases?page=1&limit=5\",\"status\":\"200\",\"responseTime\":\"108.335\"}","timestamp":"2025-03-12T13:18:59.001Z"}
{"level":"\u001b[32minfo\u001b[39m","message":"{\"method\":\"GET\",\"url\":\"/user/67c5425bf76ea7ba4f81e267\",\"status\":\"304\",\"responseTime\":\"39.182\"}","timestamp":"2025-03-12T13:19:13.306Z"}
{"level":"\u001b[32minfo\u001b[39m","message":"{\"method\":\"POST\",\"url\":\"/user/login\",\"status\":\"-\",\"responseTime\":\"-\"}","timestamp":"2025-03-13T05:15:04.804Z"}
{"level":"\u001b[32minfo\u001b[39m","message":"{\"method\":\"POST\",\"url\":\"/user/login\",\"status\":\"-\",\"responseTime\":\"-\"}","timestamp":"2025-03-13T05:15:04.811Z"}
{"level":"\u001b[32minfo\u001b[39m","message":"{\"method\":\"POST\",\"url\":\"/user/login\",\"status\":\"-\",\"responseTime\":\"-\"}","timestamp":"2025-03-13T05:15:04.811Z"}
{"level":"\u001b[32minfo\u001b[39m","message":"{\"method\":\"POST\",\"url\":\"/user/login\",\"status\":\"-\",\"responseTime\":\"-\"}","timestamp":"2025-03-13T05:15:04.813Z"}
{"level":"\u001b[32minfo\u001b[39m","message":"{\"method\":\"POST\",\"url\":\"/user/login\",\"status\":\"-\",\"responseTime\":\"-\"}","timestamp":"2025-03-13T05:15:04.814Z"}
{"level":"\u001b[32minfo\u001b[39m","message":"{\"method\":\"POST\",\"url\":\"/user/login\",\"status\":\"200\",\"responseTime\":\"883.883\"}","timestamp":"2025-03-13T05:15:25.808Z"}
{"level":"\u001b[32minfo\u001b[39m","message":"{\"method\":\"POST\",\"url\":\"/user/send-otp\",\"status\":\"200\",\"responseTime\":\"1209.733\"}","timestamp":"2025-03-13T05:15:27.028Z"}
{"level":"\u001b[32minfo\u001b[39m","message":"{\"method\":\"POST\",\"url\":\"/user/login\",\"status\":\"200\",\"responseTime\":\"128.292\"}","timestamp":"2025-03-13T05:15:27.131Z"}
{"level":"\u001b[32minfo\u001b[39m","message":"{\"method\":\"POST\",\"url\":\"/user/send-otp\",\"status\":\"200\",\"responseTime\":\"839.974\"}","timestamp":"2025-03-13T05:15:27.990Z"}
{"level":"\u001b[32minfo\u001b[39m","message":"{\"method\":\"POST\",\"url\":\"/user/verify-otp\",\"status\":\"200\",\"responseTime\":\"339.908\"}","timestamp":"2025-03-13T05:15:44.324Z"}
{"level":"\u001b[32minfo\u001b[39m","message":"{\"method\":\"GET\",\"url\":\"/user/67c5425bf76ea7ba4f81e267\",\"status\":\"304\",\"responseTime\":\"110.257\"}","timestamp":"2025-03-13T05:15:44.549Z"}
{"level":"\u001b[32minfo\u001b[39m","message":"{\"method\":\"GET\",\"url\":\"/user/cases?page=1&limit=5\",\"status\":\"200\",\"responseTime\":\"337.140\"}","timestamp":"2025-03-13T05:15:44.808Z"}
{"level":"\u001b[32minfo\u001b[39m","message":"{\"method\":\"GET\",\"url\":\"/user/67c5425bf76ea7ba4f81e267\",\"status\":\"304\",\"responseTime\":\"105.406\"}","timestamp":"2025-03-13T05:45:07.436Z"}
{"level":"\u001b[32minfo\u001b[39m","message":"{\"method\":\"GET\",\"url\":\"/user/cases?page=1&limit=5\",\"status\":\"200\",\"responseTime\":\"2485.141\"}","timestamp":"2025-03-13T05:45:09.831Z"}
{"level":"\u001b[32minfo\u001b[39m","message":"{\"method\":\"GET\",\"url\":\"/user/67c5425bf76ea7ba4f81e267\",\"status\":\"304\",\"responseTime\":\"83.731\"}","timestamp":"2025-03-13T05:45:25.467Z"}
{"level":"\u001b[32minfo\u001b[39m","message":"{\"method\":\"GET\",\"url\":\"/user/cases?page=1&limit=5\",\"status\":\"200\",\"responseTime\":\"276.990\"}","timestamp":"2025-03-13T05:45:25.682Z"}
{"level":"\u001b[32minfo\u001b[39m","message":"{\"method\":\"POST\",\"url\":\"/user/login\",\"status\":\"400\",\"responseTime\":\"132.930\"}","timestamp":"2025-03-13T05:46:32.310Z"}
{"level":"\u001b[32minfo\u001b[39m","message":"{\"method\":\"POST\",\"url\":\"/user/login\",\"status\":\"400\",\"responseTime\":\"125.406\"}","timestamp":"2025-03-13T05:46:39.670Z"}
{"level":"\u001b[32minfo\u001b[39m","message":"{\"method\":\"POST\",\"url\":\"/user/login\",\"status\":\"400\",\"responseTime\":\"98.622\"}","timestamp":"2025-03-13T05:46:42.075Z"}
{"level":"\u001b[32minfo\u001b[39m","message":"{\"method\":\"GET\",\"url\":\"/case/67d0108d031bf4e92077d5cb/subcases/\",\"status\":\"304\",\"responseTime\":\"220.593\"}","timestamp":"2025-03-13T05:47:19.436Z"}
{"level":"\u001b[32minfo\u001b[39m","message":"{\"method\":\"GET\",\"url\":\"/user/67c5425bf76ea7ba4f81e267\",\"status\":\"304\",\"responseTime\":\"4890.683\"}","timestamp":"2025-03-13T05:48:07.829Z"}
{"level":"\u001b[32minfo\u001b[39m","message":"{\"method\":\"GET\",\"url\":\"/user/cases?page=1&limit=5\",\"status\":\"500\",\"responseTime\":\"5602.489\"}","timestamp":"2025-03-13T05:48:08.565Z"}
{"level":"\u001b[32minfo\u001b[39m","message":"{\"method\":\"GET\",\"url\":\"/user/67c5425bf76ea7ba4f81e267\",\"status\":\"304\",\"responseTime\":\"102.115\"}","timestamp":"2025-03-13T05:48:47.128Z"}
{"level":"\u001b[32minfo\u001b[39m","message":"{\"method\":\"GET\",\"url\":\"/user/cases?page=1&limit=5\",\"status\":\"200\",\"responseTime\":\"307.813\"}","timestamp":"2025-03-13T05:48:47.347Z"}
{"level":"\u001b[32minfo\u001b[39m","message":"{\"method\":\"GET\",\"url\":\"/user/cases?page=1&limit=5\",\"status\":\"500\",\"responseTime\":\"323.095\"}","timestamp":"2025-03-13T05:52:54.720Z"}
{"level":"\u001b[32minfo\u001b[39m","message":"{\"method\":\"GET\",\"url\":\"/user/67c5425bf76ea7ba4f81e267\",\"status\":\"304\",\"responseTime\":\"372.422\"}","timestamp":"2025-03-13T05:52:54.742Z"}
{"level":"\u001b[31merror\u001b[39m","message":"Something went wrong","timestamp":"2025-03-13T06:02:28.884Z"}
{"level":"\u001b[32minfo\u001b[39m","message":"{\"method\":\"GET\",\"url\":\"/user/67c5425bf76ea7ba4f81e267\",\"status\":\"304\",\"responseTime\":\"108.078\"}","timestamp":"2025-03-13T06:02:39.291Z"}
{"level":"\u001b[32minfo\u001b[39m","message":"{\"method\":\"GET\",\"url\":\"/user/cases?page=1&limit=5\",\"status\":\"500\",\"responseTime\":\"313.478\"}","timestamp":"2025-03-13T06:02:39.512Z"}
{"level":"\u001b[31merror\u001b[39m","message":"Something went wrong","timestamp":"2025-03-13T06:05:18.695Z"}
{"level":"\u001b[32minfo\u001b[39m","message":"{\"method\":\"GET\",\"url\":\"/user/67c5425bf76ea7ba4f81e267\",\"status\":\"304\",\"responseTime\":\"121.438\"}","timestamp":"2025-03-13T06:05:26.558Z"}
{"level":"\u001b[32minfo\u001b[39m","message":"{\"method\":\"GET\",\"url\":\"/user/cases?page=1&limit=5\",\"status\":\"500\",\"responseTime\":\"317.089\"}","timestamp":"2025-03-13T06:05:26.783Z"}
{"level":"\u001b[32minfo\u001b[39m","message":"{\"method\":\"GET\",\"url\":\"/user/67c5425bf76ea7ba4f81e267\",\"status\":\"304\",\"responseTime\":\"93.071\"}","timestamp":"2025-03-13T06:05:33.708Z"}
{"level":"\u001b[32minfo\u001b[39m","message":"{\"method\":\"GET\",\"url\":\"/user/cases?page=1&limit=5\",\"status\":\"500\",\"responseTime\":\"271.772\"}","timestamp":"2025-03-13T06:05:33.882Z"}
{"level":"\u001b[31merror\u001b[39m","message":"Something went wrong","timestamp":"2025-03-13T06:05:59.135Z"}
{"level":"\u001b[31merror\u001b[39m","message":"Something went wrong","timestamp":"2025-03-13T06:06:18.480Z"}
{"level":"\u001b[31merror\u001b[39m","message":"Something went wrong","timestamp":"2025-03-13T06:09:41.937Z"}
{"level":"\u001b[32minfo\u001b[39m","message":"{\"method\":\"GET\",\"url\":\"/user/67c5425bf76ea7ba4f81e267\",\"status\":\"304\",\"responseTime\":\"-\"}","timestamp":"2025-03-13T06:09:46.116Z"}
{"level":"\u001b[32minfo\u001b[39m","message":"{\"method\":\"GET\",\"url\":\"/user/cases?page=1&limit=5\",\"status\":\"500\",\"responseTime\":\"136\"}","timestamp":"2025-03-13T06:09:46.308Z"}
{"level":"\u001b[31merror\u001b[39m","message":"Something went wrong","timestamp":"2025-03-13T06:11:21.827Z"}
{"level":"\u001b[32minfo\u001b[39m","message":"{\"method\":\"GET\",\"url\":\"/user/67c5425bf76ea7ba4f81e267\",\"status\":\"304\",\"content_length\":\"-\",\"responseTime\":\"99.110\"}","timestamp":"2025-03-13T06:11:26.819Z"}
{"level":"\u001b[32minfo\u001b[39m","message":"{\"method\":\"GET\",\"url\":\"/user/cases?page=1&limit=5\",\"status\":\"500\",\"content_length\":\"136\",\"responseTime\":\"311.892\"}","timestamp":"2025-03-13T06:11:27.044Z"}
{"level":"\u001b[31merror\u001b[39m","message":"Something went wrong","timestamp":"2025-03-13T06:11:34.792Z"}
{"level":"\u001b[32minfo\u001b[39m","message":"{\"method\":\"GET\",\"url\":\"/user/67c5425bf76ea7ba4f81e267\",\"status\":\"304\",\"content_length\":\"-\",\"responseTime\":\"112.669\"}","timestamp":"2025-03-13T06:11:38.533Z"}
{"level":"\u001b[32minfo\u001b[39m","message":"{\"method\":\"GET\",\"url\":\"/user/cases?page=1&limit=5\",\"status\":\"200\",\"content_length\":\"7215\",\"responseTime\":\"348.049\"}","timestamp":"2025-03-13T06:11:38.741Z"}
{"level":"\u001b[31merror\u001b[39m","message":"Something went wrong","timestamp":"2025-03-13T06:14:25.548Z"}
{"level":"\u001b[31merror\u001b[39m","message":"Something went wrong","timestamp":"2025-03-13T06:14:34.381Z"}
{"level":"\u001b[32minfo\u001b[39m","message":"{\"method\":\"GET\",\"url\":\"/user/67c5425bf76ea7ba4f81e267\",\"status\":\"304\",\"content_length\":\"-\",\"responseTime\":\"101.673\"}","timestamp":"2025-03-13T06:14:37.074Z"}
{"level":"\u001b[32minfo\u001b[39m","message":"{\"method\":\"GET\",\"url\":\"/user/cases?page=1&limit=5\",\"status\":\"500\",\"content_length\":\"136\",\"responseTime\":\"313.925\"}","timestamp":"2025-03-13T06:14:37.269Z"}
{"level":"\u001b[31merror\u001b[39m","message":"Something went wrong","timestamp":"2025-03-13T06:14:54.198Z"}
{"level":"\u001b[32minfo\u001b[39m","message":"{\"method\":\"GET\",\"url\":\"/user/67c5425bf76ea7ba4f81e267\",\"status\":\"304\",\"content_length\":\"-\",\"responseTime\":\"110.720\"}","timestamp":"2025-03-13T06:14:56.939Z"}
{"level":"\u001b[32minfo\u001b[39m","message":"{\"method\":\"GET\",\"url\":\"/user/cases?page=1&limit=5\",\"status\":\"200\",\"content_length\":\"7215\",\"responseTime\":\"299.008\"}","timestamp":"2025-03-13T06:14:57.149Z"}
{"level":"\u001b[31merror\u001b[39m","message":"Something went wrong","timestamp":"2025-03-13T06:20:37.759Z"}
{"level":"\u001b[32minfo\u001b[39m","message":"{\"method\":\"GET\",\"url\":\"/user/67c5425bf76ea7ba4f81e267\",\"status\":\"200\",\"content_length\":\"379\",\"responseTime\":\"97.172\"}","timestamp":"2025-03-13T06:22:09.928Z"}
{"level":"\u001b[32minfo\u001b[39m","message":"{\"method\":\"GET\",\"url\":\"/user/cases?page=1&limit=5\",\"status\":\"200\",\"content_length\":\"7168\",\"responseTime\":\"311.124\"}","timestamp":"2025-03-13T06:22:10.157Z"}
{"level":"\u001b[32minfo\u001b[39m","message":"{\"method\":\"GET\",\"url\":\"/user/67c5425bf76ea7ba4f81e267\",\"status\":\"200\",\"content_length\":\"380\",\"responseTime\":\"83.561\"}","timestamp":"2025-03-13T06:24:08.490Z"}
{"level":"\u001b[32minfo\u001b[39m","message":"{\"method\":\"GET\",\"url\":\"/user/cases?page=1&limit=5\",\"status\":\"200\",\"content_length\":\"7215\",\"responseTime\":\"264.126\"}","timestamp":"2025-03-13T06:24:08.678Z"}
{"level":"\u001b[32minfo\u001b[39m","message":"{\"method\":\"POST\",\"url\":\"/user/register\",\"status\":\"403\",\"content_length\":\"84\",\"responseTime\":\"41.058\"}","timestamp":"2025-03-13T06:33:22.624Z"}
{"level":"\u001b[32minfo\u001b[39m","message":"{\"method\":\"POST\",\"url\":\"/user/register\",\"status\":\"403\",\"content_length\":\"84\",\"responseTime\":\"44.995\"}","timestamp":"2025-03-13T06:33:39.233Z"}
{"level":"\u001b[31merror\u001b[39m","message":"Something went wrong","timestamp":"2025-03-13T06:39:07.267Z"}
{"level":"\u001b[31merror\u001b[39m","message":"Something went wrong","timestamp":"2025-03-13T06:39:25.280Z"}
{"level":"\u001b[31merror\u001b[39m","message":"Something went wrong","timestamp":"2025-03-13T06:39:30.695Z"}
{"level":"\u001b[32minfo\u001b[39m","message":"{\"method\":\"POST\",\"url\":\"/user/register\",\"status\":\"403\",\"content_length\":\"84\",\"responseTime\":\"57.461\"}","timestamp":"2025-03-13T06:40:11.312Z"}
{"level":"\u001b[32minfo\u001b[39m","message":"{\"method\":\"POST\",\"url\":\"/user/register\",\"status\":\"403\",\"content_length\":\"84\",\"responseTime\":\"62.637\"}","timestamp":"2025-03-13T06:41:47.697Z"}
{"level":"\u001b[32minfo\u001b[39m","message":"{\"method\":\"POST\",\"url\":\"/user/register\",\"status\":\"403\",\"content_length\":\"84\",\"responseTime\":\"44.544\"}","timestamp":"2025-03-13T06:41:51.028Z"}
{"level":"\u001b[32minfo\u001b[39m","message":"{\"method\":\"POST\",\"url\":\"/user/register\",\"status\":\"403\",\"content_length\":\"84\",\"responseTime\":\"45.362\"}","timestamp":"2025-03-13T06:42:31.601Z"}
{"level":"\u001b[32minfo\u001b[39m","message":"{\"method\":\"POST\",\"url\":\"/user/register\",\"status\":\"403\",\"content_length\":\"84\",\"responseTime\":\"212.726\"}","timestamp":"2025-03-13T06:43:49.070Z"}
{"level":"\u001b[32minfo\u001b[39m","message":"{\"method\":\"POST\",\"url\":\"/user/register\",\"status\":\"401\",\"content_length\":\"-\",\"responseTime\":\"1.410\"}","timestamp":"2025-03-13T06:43:57.900Z"}
{"level":"\u001b[32minfo\u001b[39m","message":"{\"method\":\"POST\",\"url\":\"/user/register\",\"status\":\"403\",\"content_length\":\"84\",\"responseTime\":\"42.092\"}","timestamp":"2025-03-13T06:44:29.625Z"}
{"level":"\u001b[32minfo\u001b[39m","message":"{\"method\":\"POST\",\"url\":\"/user/register\",\"status\":\"403\",\"content_length\":\"84\",\"responseTime\":\"41.290\"}","timestamp":"2025-03-13T06:44:34.218Z"}
{"level":"\u001b[32minfo\u001b[39m","message":"{\"method\":\"POST\",\"url\":\"/user/register\",\"status\":\"403\",\"content_length\":\"84\",\"responseTime\":\"43.265\"}","timestamp":"2025-03-13T06:50:21.244Z"}
{"level":"\u001b[32minfo\u001b[39m","message":"{\"method\":\"POST\",\"url\":\"/user/register\",\"status\":\"403\",\"content_length\":\"84\",\"responseTime\":\"49.069\"}","timestamp":"2025-03-13T06:50:39.779Z"}
{"level":"\u001b[32minfo\u001b[39m","message":"{\"method\":\"POST\",\"url\":\"/user/register\",\"status\":\"403\",\"content_length\":\"84\",\"responseTime\":\"46.395\"}","timestamp":"2025-03-13T06:51:26.917Z"}
{"level":"\u001b[32minfo\u001b[39m","message":"{\"method\":\"POST\",\"url\":\"/user/register\",\"status\":\"403\",\"content_length\":\"84\",\"responseTime\":\"44.738\"}","timestamp":"2025-03-13T06:53:02.028Z"}
{"level":"\u001b[32minfo\u001b[39m","message":"{\"method\":\"POST\",\"url\":\"/user/register\",\"status\":\"403\",\"content_length\":\"84\",\"responseTime\":\"42.930\"}","timestamp":"2025-03-13T06:57:31.271Z"}
{"level":"\u001b[32minfo\u001b[39m","message":"{\"method\":\"POST\",\"url\":\"/user/register\",\"status\":\"403\",\"content_length\":\"84\",\"responseTime\":\"55.517\"}","timestamp":"2025-03-13T06:57:41.794Z"}
{"level":"\u001b[32minfo\u001b[39m","message":"{\"method\":\"POST\",\"url\":\"/user/register\",\"status\":\"403\",\"content_length\":\"84\",\"responseTime\":\"41.736\"}","timestamp":"2025-03-13T06:58:03.329Z"}
{"level":"\u001b[32minfo\u001b[39m","message":"{\"method\":\"GET\",\"url\":\"/user/67c5425bf76ea7ba4f81e267\",\"status\":\"200\",\"content_length\":\"379\",\"responseTime\":\"128.633\"}","timestamp":"2025-03-13T06:58:49.379Z"}
{"level":"\u001b[32minfo\u001b[39m","message":"{\"method\":\"GET\",\"url\":\"/user/cases?page=1&limit=5\",\"status\":\"200\",\"content_length\":\"7168\",\"responseTime\":\"361.483\"}","timestamp":"2025-03-13T06:58:49.697Z"}
{"level":"\u001b[32minfo\u001b[39m","message":"{\"method\":\"GET\",\"url\":\"/user/67c5425bf76ea7ba4f81e267\",\"status\":\"304\",\"content_length\":\"-\",\"responseTime\":\"87.067\"}","timestamp":"2025-03-13T06:58:54.789Z"}
{"level":"\u001b[32minfo\u001b[39m","message":"{\"method\":\"GET\",\"url\":\"/user/cases?page=1&limit=5\",\"status\":\"200\",\"content_length\":\"7168\",\"responseTime\":\"284.095\"}","timestamp":"2025-03-13T06:58:55.094Z"}
{"level":"\u001b[32minfo\u001b[39m","message":"{\"method\":\"POST\",\"url\":\"/user/verify-otp\",\"status\":\"400\",\"content_length\":\"144\",\"responseTime\":\"946.385\"}","timestamp":"2025-03-17T08:40:31.284Z"}
{"level":"\u001b[32minfo\u001b[39m","message":"{\"method\":\"POST\",\"url\":\"/user/verify-otp\",\"status\":\"400\",\"content_length\":\"144\",\"responseTime\":\"283.614\"}","timestamp":"2025-03-17T08:40:41.153Z"}
{"level":"\u001b[32minfo\u001b[39m","message":"{\"method\":\"POST\",\"url\":\"/user/verify-otp\",\"status\":\"400\",\"content_length\":\"144\",\"responseTime\":\"263.891\"}","timestamp":"2025-03-17T08:40:49.340Z"}
{"level":"\u001b[32minfo\u001b[39m","message":"{\"method\":\"POST\",\"url\":\"/user/verify-otp\",\"status\":\"400\",\"content_length\":\"144\",\"responseTime\":\"275.417\"}","timestamp":"2025-03-17T08:41:03.667Z"}
{"level":"\u001b[32minfo\u001b[39m","message":"{\"method\":\"POST\",\"url\":\"/user/verify-otp\",\"status\":\"400\",\"content_length\":\"144\",\"responseTime\":\"251.719\"}","timestamp":"2025-03-17T08:41:24.188Z"}
{"level":"\u001b[32minfo\u001b[39m","message":"{\"method\":\"POST\",\"url\":\"/user/login\",\"status\":\"200\",\"content_length\":\"75\",\"responseTime\":\"108.096\"}","timestamp":"2025-03-17T08:41:44.348Z"}
{"level":"\u001b[32minfo\u001b[39m","message":"{\"method\":\"POST\",\"url\":\"/user/send-otp\",\"status\":\"200\",\"content_length\":\"115\",\"responseTime\":\"426.774\"}","timestamp":"2025-03-17T08:41:44.789Z"}
{"level":"\u001b[32minfo\u001b[39m","message":"{\"method\":\"POST\",\"url\":\"/user/verify-otp\",\"status\":\"200\",\"content_length\":\"268\",\"responseTime\":\"293.045\"}","timestamp":"2025-03-17T08:41:54.378Z"}
{"level":"\u001b[32minfo\u001b[39m","message":"{\"method\":\"GET\",\"url\":\"/user/67c5425bf76ea7ba4f81e267\",\"status\":\"200\",\"content_length\":\"413\",\"responseTime\":\"32.264\"}","timestamp":"2025-03-17T08:41:54.449Z"}
{"level":"\u001b[32minfo\u001b[39m","message":"{\"method\":\"GET\",\"url\":\"/user/67c5425bf76ea7ba4f81e267\",\"status\":\"304\",\"content_length\":\"-\",\"responseTime\":\"31.807\"}","timestamp":"2025-03-17T08:41:54.523Z"}
{"level":"\u001b[32minfo\u001b[39m","message":"{\"method\":\"GET\",\"url\":\"/user?page=1&limit=5&search=&sortField=first_name&sortOrder=\",\"status\":\"200\",\"content_length\":\"1838\",\"responseTime\":\"49.091\"}","timestamp":"2025-03-17T08:41:54.589Z"}
{"level":"\u001b[32minfo\u001b[39m","message":"{\"method\":\"GET\",\"url\":\"/user?page=1&limit=5&search=&sortField=isDeleted&sortOrder=asc\",\"status\":\"200\",\"content_length\":\"1747\",\"responseTime\":\"56.605\"}","timestamp":"2025-03-17T08:42:16.002Z"}
{"level":"\u001b[32minfo\u001b[39m","message":"{\"method\":\"GET\",\"url\":\"/user?page=1&limit=5&search=&sortField=isDeleted&sortOrder=desc\",\"status\":\"200\",\"content_length\":\"1783\",\"responseTime\":\"44.240\"}","timestamp":"2025-03-17T08:42:16.978Z"}
{"level":"\u001b[32minfo\u001b[39m","message":"{\"method\":\"GET\",\"url\":\"/user?page=1&limit=5&search=&sortField=isDeleted&sortOrder=asc\",\"status\":\"304\",\"content_length\":\"-\",\"responseTime\":\"46.891\"}","timestamp":"2025-03-17T08:42:17.625Z"}
{"level":"\u001b[32minfo\u001b[39m","message":"{\"method\":\"GET\",\"url\":\"/user/67c5425bf76ea7ba4f81e267\",\"status\":\"304\",\"content_length\":\"-\",\"responseTime\":\"34.939\"}","timestamp":"2025-03-17T08:42:59.050Z"}
{"level":"\u001b[32minfo\u001b[39m","message":"{\"method\":\"GET\",\"url\":\"/user/cases?page=1&limit=5\",\"status\":\"200\",\"content_length\":\"7625\",\"responseTime\":\"207.420\"}","timestamp":"2025-03-17T08:42:59.295Z"}
{"level":"\u001b[32minfo\u001b[39m","message":"{\"method\":\"GET\",\"url\":\"/user/cases?page=2&limit=5\",\"status\":\"200\",\"content_length\":\"6938\",\"responseTime\":\"96.578\"}","timestamp":"2025-03-17T08:43:01.711Z"}
{"level":"\u001b[32minfo\u001b[39m","message":"{\"method\":\"GET\",\"url\":\"/user/cases?page=1&limit=5\",\"status\":\"200\",\"content_length\":\"7625\",\"responseTime\":\"326.872\"}","timestamp":"2025-03-17T08:43:08.306Z"}
{"level":"\u001b[32minfo\u001b[39m","message":"{\"method\":\"GET\",\"url\":\"/case/67d0108d031bf4e92077d5cb/subcases/\",\"status\":\"200\",\"content_length\":\"1458\",\"responseTime\":\"91.718\"}","timestamp":"2025-03-17T08:43:09.254Z"}
{"level":"\u001b[32minfo\u001b[39m","message":"{\"method\":\"GET\",\"url\":\"/user/cases?page=2&limit=5\",\"status\":\"200\",\"content_length\":\"6938\",\"responseTime\":\"344.484\"}","timestamp":"2025-03-17T08:43:11.316Z"}
{"level":"\u001b[32minfo\u001b[39m","message":"{\"method\":\"GET\",\"url\":\"/case/67cacebd5a29ced0a553315e/subcases/\",\"status\":\"304\",\"content_length\":\"-\",\"responseTime\":\"30.651\"}","timestamp":"2025-03-17T08:43:13.077Z"}
{"level":"\u001b[32minfo\u001b[39m","message":"{\"method\":\"GET\",\"url\":\"/case/67c92baa699cbde578ba6eaf/subcases/\",\"status\":\"200\",\"content_length\":\"1445\",\"responseTime\":\"77.883\"}","timestamp":"2025-03-17T08:43:14.068Z"}
{"level":"\u001b[32minfo\u001b[39m","message":"{\"method\":\"GET\",\"url\":\"/case/67c923aece81c7205a9e04eb/subcases/\",\"status\":\"304\",\"content_length\":\"-\",\"responseTime\":\"71.923\"}","timestamp":"2025-03-17T08:43:15.117Z"}
{"level":"\u001b[32minfo\u001b[39m","message":"{\"method\":\"GET\",\"url\":\"/case/67c848a133abfa279710e256/subcases/\",\"status\":\"200\",\"content_length\":\"101\",\"responseTime\":\"29.290\"}","timestamp":"2025-03-17T08:43:16.963Z"}
{"level":"\u001b[32minfo\u001b[39m","message":"{\"method\":\"GET\",\"url\":\"/user/cases?page=3&limit=5\",\"status\":\"200\",\"content_length\":\"4163\",\"responseTime\":\"92.280\"}","timestamp":"2025-03-17T08:43:20.507Z"}
{"level":"\u001b[32minfo\u001b[39m","message":"{\"method\":\"GET\",\"url\":\"/case/67c81afad9da959b1846199c/subcases/\",\"status\":\"200\",\"content_length\":\"101\",\"responseTime\":\"31.677\"}","timestamp":"2025-03-17T08:43:23.554Z"}
{"level":"\u001b[32minfo\u001b[39m","message":"{\"method\":\"GET\",\"url\":\"/case/67c82c341c418efbd28ac715/subcases/\",\"status\":\"200\",\"content_length\":\"101\",\"responseTime\":\"28.754\"}","timestamp":"2025-03-17T08:43:24.605Z"}
{"level":"\u001b[32minfo\u001b[39m","message":"{\"method\":\"GET\",\"url\":\"/case/67c81d19153be83d61f706a6/subcases/\",\"status\":\"200\",\"content_length\":\"101\",\"responseTime\":\"27.688\"}","timestamp":"2025-03-17T08:43:25.441Z"}
{"level":"\u001b[32minfo\u001b[39m","message":"{\"method\":\"GET\",\"url\":\"/user/cases?page=3&limit=10\",\"status\":\"200\",\"content_length\":\"5294\",\"responseTime\":\"93.604\"}","timestamp":"2025-03-17T08:43:29.724Z"}
{"level":"\u001b[32minfo\u001b[39m","message":"{\"method\":\"GET\",\"url\":\"/user/cases?page=3&limit=20\",\"status\":\"500\",\"content_length\":\"139\",\"responseTime\":\"31.291\"}","timestamp":"2025-03-17T08:43:32.675Z"}
{"level":"\u001b[32minfo\u001b[39m","message":"{\"method\":\"GET\",\"url\":\"/user?page=1&limit=5&search=&sortField=first_name&sortOrder=\",\"status\":\"401\",\"content_length\":\"-\",\"responseTime\":\"0.945\"}","timestamp":"2025-03-17T08:43:35.153Z"}
{"level":"\u001b[32minfo\u001b[39m","message":"{\"method\":\"GET\",\"url\":\"/user/67c5425bf76ea7ba4f81e267\",\"status\":\"304\",\"content_length\":\"-\",\"responseTime\":\"38.523\"}","timestamp":"2025-03-17T08:43:40.133Z"}
{"level":"\u001b[32minfo\u001b[39m","message":"{\"method\":\"GET\",\"url\":\"/user/cases?page=1&limit=5\",\"status\":\"200\",\"content_length\":\"7625\",\"responseTime\":\"300.700\"}","timestamp":"2025-03-17T08:43:40.475Z"}
{"level":"\u001b[32minfo\u001b[39m","message":"{\"method\":\"GET\",\"url\":\"/user/cases?page=2&limit=5\",\"status\":\"200\",\"content_length\":\"6938\",\"responseTime\":\"103.206\"}","timestamp":"2025-03-17T08:43:41.938Z"}
{"level":"\u001b[32minfo\u001b[39m","message":"{\"method\":\"GET\",\"url\":\"/user/cases?page=2&limit=10\",\"status\":\"200\",\"content_length\":\"9753\",\"responseTime\":\"89.689\"}","timestamp":"2025-03-17T08:43:46.941Z"}
{"level":"\u001b[32minfo\u001b[39m","message":"{\"method\":\"GET\",\"url\":\"/user/cases?page=1&limit=5\",\"status\":\"200\",\"content_length\":\"7625\",\"responseTime\":\"95.279\"}","timestamp":"2025-03-17T08:44:00.776Z"}
{"level":"\u001b[32minfo\u001b[39m","message":"{\"method\":\"GET\",\"url\":\"/user/cases?page=2&limit=5\",\"status\":\"200\",\"content_length\":\"6938\",\"responseTime\":\"95.192\"}","timestamp":"2025-03-17T08:44:03.638Z"}
{"level":"\u001b[32minfo\u001b[39m","message":"{\"method\":\"GET\",\"url\":\"/user/cases?page=3&limit=5\",\"status\":\"200\",\"content_length\":\"4163\",\"responseTime\":\"288.930\"}","timestamp":"2025-03-17T08:44:05.397Z"}
{"level":"\u001b[32minfo\u001b[39m","message":"{\"method\":\"GET\",\"url\":\"/user/cases?page=3&limit=20\",\"status\":\"500\",\"content_length\":\"139\",\"responseTime\":\"27.920\"}","timestamp":"2025-03-17T08:44:10.953Z"}
{"level":"\u001b[32minfo\u001b[39m","message":"{\"method\":\"GET\",\"url\":\"/user/67c5425bf76ea7ba4f81e267\",\"status\":\"304\",\"content_length\":\"-\",\"responseTime\":\"41.546\"}","timestamp":"2025-03-17T08:44:20.239Z"}
{"level":"\u001b[32minfo\u001b[39m","message":"{\"method\":\"GET\",\"url\":\"/user/cases?page=1&limit=5\",\"status\":\"200\",\"content_length\":\"7625\",\"responseTime\":\"359.074\"}","timestamp":"2025-03-17T08:44:20.618Z"}
{"level":"\u001b[32minfo\u001b[39m","message":"{\"method\":\"GET\",\"url\":\"/user/cases?page=2&limit=5\",\"status\":\"200\",\"content_length\":\"6938\",\"responseTime\":\"94.292\"}","timestamp":"2025-03-17T08:44:34.471Z"}
{"level":"\u001b[32minfo\u001b[39m","message":"{\"method\":\"GET\",\"url\":\"/user/cases?page=2&limit=10\",\"status\":\"200\",\"content_length\":\"9753\",\"responseTime\":\"92.120\"}","timestamp":"2025-03-17T08:44:38.519Z"}
{"level":"\u001b[32minfo\u001b[39m","message":"{\"method\":\"GET\",\"url\":\"/user/cases?page=3&limit=5\",\"status\":\"200\",\"content_length\":\"4163\",\"responseTime\":\"96.340\"}","timestamp":"2025-03-17T08:44:48.909Z"}
{"level":"\u001b[32minfo\u001b[39m","message":"{\"method\":\"GET\",\"url\":\"/user/cases?page=2&limit=5\",\"status\":\"200\",\"content_length\":\"6938\",\"responseTime\":\"87.447\"}","timestamp":"2025-03-17T08:44:51.083Z"}
{"level":"\u001b[32minfo\u001b[39m","message":"{\"method\":\"GET\",\"url\":\"/user/cases?page=1&limit=5\",\"status\":\"200\",\"content_length\":\"7625\",\"responseTime\":\"90.092\"}","timestamp":"2025-03-17T08:44:52.746Z"}
{"level":"\u001b[32minfo\u001b[39m","message":"{\"method\":\"GET\",\"url\":\"/user/cases?page=1&limit=20\",\"status\":\"200\",\"content_length\":\"23956\",\"responseTime\":\"365.735\"}","timestamp":"2025-03-17T08:45:13.583Z"}
{"level":"\u001b[32minfo\u001b[39m","message":"{\"method\":\"GET\",\"url\":\"/user/cases?page=2&limit=5\",\"status\":\"200\",\"content_length\":\"6938\",\"responseTime\":\"352.790\"}","timestamp":"2025-03-17T08:45:22.394Z"}
{"level":"\u001b[32minfo\u001b[39m","message":"{\"method\":\"GET\",\"url\":\"/user/cases?page=3&limit=5\",\"status\":\"200\",\"content_length\":\"4163\",\"responseTime\":\"304.545\"}","timestamp":"2025-03-17T08:45:25.158Z"}
{"level":"\u001b[32minfo\u001b[39m","message":"{\"method\":\"GET\",\"url\":\"/user/cases?page=4&limit=5\",\"status\":\"200\",\"content_length\":\"5768\",\"responseTime\":\"91.953\"}","timestamp":"2025-03-17T08:45:26.184Z"}
{"level":"\u001b[32minfo\u001b[39m","message":"{\"method\":\"GET\",\"url\":\"/user/cases?page=5&limit=5\",\"status\":\"200\",\"content_length\":\"5293\",\"responseTime\":\"92.024\"}","timestamp":"2025-03-17T08:45:27.352Z"}
{"level":"\u001b[32minfo\u001b[39m","message":"{\"method\":\"GET\",\"url\":\"/user/cases?page=5&limit=5\",\"status\":\"200\",\"content_length\":\"5293\",\"responseTime\":\"89.178\"}","timestamp":"2025-03-17T08:45:32.909Z"}
{"level":"\u001b[32minfo\u001b[39m","message":"{\"method\":\"GET\",\"url\":\"/user/cases?page=4&limit=5\",\"status\":\"200\",\"content_length\":\"5768\",\"responseTime\":\"317.726\"}","timestamp":"2025-03-17T08:45:36.504Z"}
{"level":"\u001b[32minfo\u001b[39m","message":"{\"method\":\"GET\",\"url\":\"/user/cases?page=4&limit=10\",\"status\":\"500\",\"content_length\":\"139\",\"responseTime\":\"34.721\"}","timestamp":"2025-03-17T08:45:40.647Z"}
{"level":"\u001b[32minfo\u001b[39m","message":"{\"method\":\"GET\",\"url\":\"/user/67c5425bf76ea7ba4f81e267\",\"status\":\"304\",\"content_length\":\"-\",\"responseTime\":\"40.028\"}","timestamp":"2025-03-17T08:45:51.929Z"}
{"level":"\u001b[32minfo\u001b[39m","message":"{\"method\":\"GET\",\"url\":\"/user/cases?page=1&limit=5\",\"status\":\"200\",\"content_length\":\"7625\",\"responseTime\":\"137.535\"}","timestamp":"2025-03-17T08:45:52.085Z"}
{"level":"\u001b[32minfo\u001b[39m","message":"{\"method\":\"GET\",\"url\":\"/user/cases?page=2&limit=5\",\"status\":\"200\",\"content_length\":\"6938\",\"responseTime\":\"86.514\"}","timestamp":"2025-03-17T08:45:54.783Z"}
{"level":"\u001b[32minfo\u001b[39m","message":"{\"method\":\"GET\",\"url\":\"/user/cases?page=2&limit=100\",\"status\":\"500\",\"content_length\":\"139\",\"responseTime\":\"34.035\"}","timestamp":"2025-03-17T08:45:57.440Z"}
{"level":"\u001b[32minfo\u001b[39m","message":"{\"method\":\"GET\",\"url\":\"/user/67c5425bf76ea7ba4f81e267\",\"status\":\"304\",\"content_length\":\"-\",\"responseTime\":\"56.326\"}","timestamp":"2025-03-17T08:50:34.873Z"}
{"level":"\u001b[32minfo\u001b[39m","message":"{\"method\":\"GET\",\"url\":\"/user/cases?page=1&limit=5\",\"status\":\"200\",\"content_length\":\"7625\",\"responseTime\":\"151.342\"}","timestamp":"2025-03-17T08:50:35.008Z"}
{"level":"\u001b[32minfo\u001b[39m","message":"{\"method\":\"GET\",\"url\":\"/user/cases?page=2&limit=5\",\"status\":\"200\",\"content_length\":\"6938\",\"responseTime\":\"96.563\"}","timestamp":"2025-03-17T08:50:39.246Z"}
{"level":"\u001b[32minfo\u001b[39m","message":"{\"method\":\"GET\",\"url\":\"/user/cases?page=1&limit=5\",\"status\":\"200\",\"content_length\":\"7625\",\"responseTime\":\"99.864\"}","timestamp":"2025-03-17T08:50:41.938Z"}
{"level":"\u001b[32minfo\u001b[39m","message":"{\"method\":\"GET\",\"url\":\"/user/cases?page=2&limit=5\",\"status\":\"200\",\"content_length\":\"6938\",\"responseTime\":\"94.113\"}","timestamp":"2025-03-17T08:50:43.361Z"}
{"level":"\u001b[32minfo\u001b[39m","message":"{\"method\":\"GET\",\"url\":\"/user/cases?page=3&limit=5\",\"status\":\"200\",\"content_length\":\"4163\",\"responseTime\":\"366.881\"}","timestamp":"2025-03-17T08:51:12.265Z"}
{"level":"\u001b[32minfo\u001b[39m","message":"{\"method\":\"GET\",\"url\":\"/user/cases?page=3&limit=50\",\"status\":\"500\",\"content_length\":\"139\",\"responseTime\":\"33.260\"}","timestamp":"2025-03-17T08:51:14.384Z"}
{"level":"\u001b[32minfo\u001b[39m","message":"{\"method\":\"GET\",\"url\":\"/user/67c5425bf76ea7ba4f81e267\",\"status\":\"304\",\"content_length\":\"-\",\"responseTime\":\"125.817\"}","timestamp":"2025-03-17T08:55:47.978Z"}
{"level":"\u001b[32minfo\u001b[39m","message":"{\"method\":\"GET\",\"url\":\"/user/cases?page=1&limit=5\",\"status\":\"500\",\"content_length\":\"147\",\"responseTime\":\"25.906\"}","timestamp":"2025-03-17T08:55:47.993Z"}
{"level":"\u001b[32minfo\u001b[39m","message":"{\"method\":\"GET\",\"url\":\"/user/cases?page=1&limit=5\",\"status\":\"500\",\"content_length\":\"147\",\"responseTime\":\"29.273\"}","timestamp":"2025-03-17T08:55:53.525Z"}
{"level":"\u001b[32minfo\u001b[39m","message":"{\"method\":\"GET\",\"url\":\"/user/67c5425bf76ea7ba4f81e267\",\"status\":\"304\",\"content_length\":\"-\",\"responseTime\":\"61.847\"}","timestamp":"2025-03-17T08:55:53.540Z"}
{"level":"\u001b[32minfo\u001b[39m","message":"{\"method\":\"GET\",\"url\":\"/user/67c5425bf76ea7ba4f81e267\",\"status\":\"304\",\"content_length\":\"-\",\"responseTime\":\"48.513\"}","timestamp":"2025-03-17T08:56:13.512Z"}
{"level":"\u001b[32minfo\u001b[39m","message":"{\"method\":\"GET\",\"url\":\"/user/cases?page=1&limit=5\",\"status\":\"500\",\"content_length\":\"147\",\"responseTime\":\"25.627\"}","timestamp":"2025-03-17T08:56:13.570Z"}
{"level":"\u001b[32minfo\u001b[39m","message":"{\"method\":\"GET\",\"url\":\"/user/67c5425bf76ea7ba4f81e267\",\"status\":\"304\",\"content_length\":\"-\",\"responseTime\":\"122.662\"}","timestamp":"2025-03-17T08:56:35.173Z"}
{"level":"\u001b[32minfo\u001b[39m","message":"{\"method\":\"GET\",\"url\":\"/user/cases?page=1&limit=5\",\"status\":\"200\",\"content_length\":\"7625\",\"responseTime\":\"160.771\"}","timestamp":"2025-03-17T08:56:35.286Z"}
{"level":"\u001b[32minfo\u001b[39m","message":"{\"method\":\"GET\",\"url\":\"/user/cases?page=1&limit=5\",\"status\":\"500\",\"content_length\":\"147\",\"responseTime\":\"1286.750\"}","timestamp":"2025-03-17T08:56:46.033Z"}
{"level":"\u001b[32minfo\u001b[39m","message":"{\"method\":\"GET\",\"url\":\"/user/67c5425bf76ea7ba4f81e267\",\"status\":\"304\",\"content_length\":\"-\",\"responseTime\":\"1384.807\"}","timestamp":"2025-03-17T08:56:46.042Z"}
{"level":"\u001b[32minfo\u001b[39m","message":"{\"method\":\"GET\",\"url\":\"/user/67c5425bf76ea7ba4f81e267\",\"status\":\"304\",\"content_length\":\"-\",\"responseTime\":\"35.183\"}","timestamp":"2025-03-17T08:56:48.586Z"}
{"level":"\u001b[32minfo\u001b[39m","message":"{\"method\":\"GET\",\"url\":\"/user/cases?page=1&limit=5\",\"status\":\"500\",\"content_length\":\"147\",\"responseTime\":\"27.941\"}","timestamp":"2025-03-17T08:56:48.618Z"}
{"level":"\u001b[32minfo\u001b[39m","message":"{\"method\":\"GET\",\"url\":\"/user/67c5425bf76ea7ba4f81e267\",\"status\":\"304\",\"content_length\":\"-\",\"responseTime\":\"119.838\"}","timestamp":"2025-03-17T08:56:55.390Z"}
{"level":"\u001b[32minfo\u001b[39m","message":"{\"method\":\"GET\",\"url\":\"/user/cases?page=1&limit=5\",\"status\":\"200\",\"content_length\":\"7625\",\"responseTime\":\"228.845\"}","timestamp":"2025-03-17T08:56:55.595Z"}
{"level":"\u001b[32minfo\u001b[39m","message":"{\"method\":\"GET\",\"url\":\"/user/67c5425bf76ea7ba4f81e267\",\"status\":\"304\",\"content_length\":\"-\",\"responseTime\":\"163.843\"}","timestamp":"2025-03-17T08:57:29.489Z"}
{"level":"\u001b[32minfo\u001b[39m","message":"{\"method\":\"GET\",\"url\":\"/user/cases?page=1&limit=5\",\"status\":\"200\",\"content_length\":\"7625\",\"responseTime\":\"163.850\"}","timestamp":"2025-03-17T08:57:29.630Z"}
{"level":"\u001b[32minfo\u001b[39m","message":"{\"method\":\"GET\",\"url\":\"/user/cases?page=2&limit=5\",\"status\":\"200\",\"content_length\":\"7625\",\"responseTime\":\"119.426\"}","timestamp":"2025-03-17T08:57:37.535Z"}
{"level":"\u001b[32minfo\u001b[39m","message":"{\"method\":\"GET\",\"url\":\"/user/cases?page=2&limit=10\",\"status\":\"200\",\"content_length\":\"14385\",\"responseTime\":\"340.274\"}","timestamp":"2025-03-17T08:57:41.677Z"}
{"level":"\u001b[32minfo\u001b[39m","message":"{\"method\":\"GET\",\"url\":\"/user/cases?page=3&limit=5\",\"status\":\"200\",\"content_length\":\"7625\",\"responseTime\":\"121.614\"}","timestamp":"2025-03-17T08:57:44.516Z"}
{"level":"\u001b[32minfo\u001b[39m","message":"{\"method\":\"GET\",\"url\":\"/user/cases?page=4&limit=5\",\"status\":\"200\",\"content_length\":\"7625\",\"responseTime\":\"98.042\"}","timestamp":"2025-03-17T08:57:47.006Z"}
{"level":"\u001b[32minfo\u001b[39m","message":"{\"method\":\"GET\",\"url\":\"/user/cases?page=5&limit=5\",\"status\":\"200\",\"content_length\":\"7625\",\"responseTime\":\"92.219\"}","timestamp":"2025-03-17T08:57:51.315Z"}
{"level":"\u001b[32minfo\u001b[39m","message":"{\"method\":\"GET\",\"url\":\"/user/cases?page=5&limit=20\",\"status\":\"200\",\"content_length\":\"23956\",\"responseTime\":\"117.254\"}","timestamp":"2025-03-17T08:57:53.987Z"}
{"level":"\u001b[32minfo\u001b[39m","message":"{\"method\":\"GET\",\"url\":\"/user/cases?page=4&limit=5\",\"status\":\"200\",\"content_length\":\"7625\",\"responseTime\":\"98.624\"}","timestamp":"2025-03-17T08:58:03.142Z"}
{"level":"\u001b[32minfo\u001b[39m","message":"{\"method\":\"GET\",\"url\":\"/user/cases?page=5&limit=5\",\"status\":\"200\",\"content_length\":\"7625\",\"responseTime\":\"131.313\"}","timestamp":"2025-03-17T08:58:05.280Z"}
{"level":"\u001b[32minfo\u001b[39m","message":"{\"method\":\"GET\",\"url\":\"/user/cases?page=4&limit=5\",\"status\":\"200\",\"content_length\":\"7625\",\"responseTime\":\"102.107\"}","timestamp":"2025-03-17T08:58:07.225Z"}
{"level":"\u001b[32minfo\u001b[39m","message":"{\"method\":\"GET\",\"url\":\"/user/cases?page=3&limit=5\",\"status\":\"200\",\"content_length\":\"7625\",\"responseTime\":\"106.843\"}","timestamp":"2025-03-17T08:58:07.430Z"}
{"level":"\u001b[32minfo\u001b[39m","message":"{\"method\":\"GET\",\"url\":\"/user/cases?page=2&limit=5\",\"status\":\"200\",\"content_length\":\"7625\",\"responseTime\":\"114.217\"}","timestamp":"2025-03-17T08:58:07.696Z"}
{"level":"\u001b[32minfo\u001b[39m","message":"{\"method\":\"GET\",\"url\":\"/user/67c5425bf76ea7ba4f81e267\",\"status\":\"304\",\"content_length\":\"-\",\"responseTime\":\"38.582\"}","timestamp":"2025-03-17T08:58:17.969Z"}
{"level":"\u001b[32minfo\u001b[39m","message":"{\"method\":\"GET\",\"url\":\"/user/cases?page=1&limit=5\",\"status\":\"200\",\"content_length\":\"7625\",\"responseTime\":\"126.065\"}","timestamp":"2025-03-17T08:58:18.128Z"}
{"level":"\u001b[32minfo\u001b[39m","message":"{\"method\":\"GET\",\"url\":\"/user/cases?page=2&limit=5\",\"status\":\"200\",\"content_length\":\"7625\",\"responseTime\":\"95.098\"}","timestamp":"2025-03-17T08:58:23.453Z"}
{"level":"\u001b[32minfo\u001b[39m","message":"{\"method\":\"GET\",\"url\":\"/user/cases?page=2&limit=20\",\"status\":\"200\",\"content_length\":\"23956\",\"responseTime\":\"106.149\"}","timestamp":"2025-03-17T08:58:27.168Z"}
{"level":"\u001b[32minfo\u001b[39m","message":"{\"method\":\"GET\",\"url\":\"/user/cases?page=2&limit=100\",\"status\":\"200\",\"content_length\":\"29070\",\"responseTime\":\"96.742\"}","timestamp":"2025-03-17T08:58:53.745Z"}
{"level":"\u001b[32minfo\u001b[39m","message":"{\"method\":\"GET\",\"url\":\"/user/cases?page=1&limit=5\",\"status\":\"200\",\"content_length\":\"7625\",\"responseTime\":\"106.109\"}","timestamp":"2025-03-17T08:58:58.666Z"}
{"level":"\u001b[32minfo\u001b[39m","message":"{\"method\":\"GET\",\"url\":\"/user/cases?page=2&limit=5\",\"status\":\"200\",\"content_length\":\"7625\",\"responseTime\":\"91.532\"}","timestamp":"2025-03-17T08:59:01.708Z"}
{"level":"\u001b[32minfo\u001b[39m","message":"{\"method\":\"GET\",\"url\":\"/user/cases?page=3&limit=5\",\"status\":\"200\",\"content_length\":\"7625\",\"responseTime\":\"89.829\"}","timestamp":"2025-03-17T08:59:03.608Z"}
{"level":"\u001b[32minfo\u001b[39m","message":"{\"method\":\"GET\",\"url\":\"/user/67c5425bf76ea7ba4f81e267\",\"status\":\"304\",\"content_length\":\"-\",\"responseTime\":\"73.577\"}","timestamp":"2025-03-17T09:00:26.329Z"}
{"level":"\u001b[32minfo\u001b[39m","message":"{\"method\":\"GET\",\"url\":\"/user/cases?page=1&limit=5\",\"status\":\"200\",\"content_length\":\"7625\",\"responseTime\":\"206.855\"}","timestamp":"2025-03-17T09:00:26.472Z"}
{"level":"\u001b[32minfo\u001b[39m","message":"{\"method\":\"GET\",\"url\":\"/user/cases?page=2&limit=5\",\"status\":\"200\",\"content_length\":\"7625\",\"responseTime\":\"197.120\"}","timestamp":"2025-03-17T09:00:30.390Z"}
{"level":"\u001b[32minfo\u001b[39m","message":"{\"method\":\"GET\",\"url\":\"/user/cases?page=1&limit=10\",\"status\":\"200\",\"content_length\":\"14385\",\"responseTime\":\"199.702\"}","timestamp":"2025-03-17T09:00:32.095Z"}
{"level":"\u001b[32minfo\u001b[39m","message":"{\"method\":\"GET\",\"url\":\"/user/cases?page=1&limit=5\",\"status\":\"200\",\"content_length\":\"7625\",\"responseTime\":\"195.074\"}","timestamp":"2025-03-17T09:00:36.206Z"}
{"level":"\u001b[32minfo\u001b[39m","message":"{\"method\":\"GET\",\"url\":\"/user/cases?page=2&limit=5\",\"status\":\"200\",\"content_length\":\"7625\",\"responseTime\":\"202.140\"}","timestamp":"2025-03-17T09:00:39.915Z"}
{"level":"\u001b[32minfo\u001b[39m","message":"{\"method\":\"GET\",\"url\":\"/user/cases?page=1&limit=20\",\"status\":\"200\",\"content_length\":\"23956\",\"responseTime\":\"209.698\"}","timestamp":"2025-03-17T09:00:42.411Z"}
{"level":"\u001b[32minfo\u001b[39m","message":"{\"method\":\"GET\",\"url\":\"/user/cases?page=1&limit=5\",\"status\":\"200\",\"content_length\":\"7625\",\"responseTime\":\"189.590\"}","timestamp":"2025-03-17T09:00:45.534Z"}
{"level":"\u001b[32minfo\u001b[39m","message":"{\"method\":\"GET\",\"url\":\"/user/cases?page=2&limit=5\",\"status\":\"200\",\"content_length\":\"7625\",\"responseTime\":\"205.293\"}","timestamp":"2025-03-17T09:00:46.952Z"}
{"level":"\u001b[32minfo\u001b[39m","message":"{\"method\":\"GET\",\"url\":\"/user/cases?page=3&limit=5\",\"status\":\"200\",\"content_length\":\"7625\",\"responseTime\":\"192.299\"}","timestamp":"2025-03-17T09:00:48.639Z"}
{"level":"\u001b[32minfo\u001b[39m","message":"{\"method\":\"GET\",\"url\":\"/user/cases?page=4&limit=5\",\"status\":\"200\",\"content_length\":\"7625\",\"responseTime\":\"218.612\"}","timestamp":"2025-03-17T09:00:50.593Z"}
{"level":"\u001b[32minfo\u001b[39m","message":"{\"method\":\"GET\",\"url\":\"/user/cases?page=1&limit=10\",\"status\":\"200\",\"content_length\":\"14385\",\"responseTime\":\"199.644\"}","timestamp":"2025-03-17T09:01:57.175Z"}
{"level":"\u001b[32minfo\u001b[39m","message":"{\"method\":\"GET\",\"url\":\"/user/cases?page=3&limit=5\",\"status\":\"200\",\"content_length\":\"7625\",\"responseTime\":\"213.529\"}","timestamp":"2025-03-17T09:02:06.672Z"}
{"level":"\u001b[32minfo\u001b[39m","message":"{\"method\":\"GET\",\"url\":\"/user/cases?page=4&limit=5\",\"status\":\"200\",\"content_length\":\"7625\",\"responseTime\":\"195.578\"}","timestamp":"2025-03-17T09:02:07.973Z"}
{"level":"\u001b[32minfo\u001b[39m","message":"{\"method\":\"GET\",\"url\":\"/user/67c5425bf76ea7ba4f81e267\",\"status\":\"304\",\"content_length\":\"-\",\"responseTime\":\"84.720\"}","timestamp":"2025-03-17T09:02:14.035Z"}
{"level":"\u001b[32minfo\u001b[39m","message":"{\"method\":\"GET\",\"url\":\"/user/cases?page=1&limit=5\",\"status\":\"200\",\"content_length\":\"7625\",\"responseTime\":\"217.468\"}","timestamp":"2025-03-17T09:02:14.158Z"}
{"level":"\u001b[32minfo\u001b[39m","message":"{\"method\":\"GET\",\"url\":\"/user/cases?page=1&limit=10\",\"status\":\"200\",\"content_length\":\"14385\",\"responseTime\":\"204.496\"}","timestamp":"2025-03-17T09:02:16.344Z"}
{"level":"\u001b[32minfo\u001b[39m","message":"{\"method\":\"GET\",\"url\":\"/user/cases?page=2&limit=5\",\"status\":\"200\",\"content_length\":\"7625\",\"responseTime\":\"194.074\"}","timestamp":"2025-03-17T09:02:17.983Z"}
{"level":"\u001b[32minfo\u001b[39m","message":"{\"method\":\"GET\",\"url\":\"/user/67c5425bf76ea7ba4f81e267\",\"status\":\"304\",\"content_length\":\"-\",\"responseTime\":\"85.058\"}","timestamp":"2025-03-17T09:03:32.883Z"}
{"level":"\u001b[32minfo\u001b[39m","message":"{\"method\":\"GET\",\"url\":\"/user/cases?page=1&limit=5\",\"status\":\"200\",\"content_length\":\"7706\",\"responseTime\":\"424.695\"}","timestamp":"2025-03-17T09:03:33.259Z"}
{"level":"\u001b[32minfo\u001b[39m","message":"{\"method\":\"GET\",\"url\":\"/user/cases?page=1&limit=10\",\"status\":\"200\",\"content_length\":\"14466\",\"responseTime\":\"210.330\"}","timestamp":"2025-03-17T09:03:37.698Z"}
{"level":"\u001b[32minfo\u001b[39m","message":"{\"method\":\"GET\",\"url\":\"/user/cases?page=2&limit=10\",\"status\":\"200\",\"content_length\":\"14466\",\"responseTime\":\"194.894\"}","timestamp":"2025-03-17T09:03:39.036Z"}
{"level":"\u001b[32minfo\u001b[39m","message":"{\"method\":\"GET\",\"url\":\"/user/cases?page=3&limit=10\",\"status\":\"200\",\"content_length\":\"14466\",\"responseTime\":\"194.864\"}","timestamp":"2025-03-17T09:03:40.377Z"}
{"level":"\u001b[32minfo\u001b[39m","message":"{\"method\":\"GET\",\"url\":\"/user/cases?page=2&limit=10\",\"status\":\"200\",\"content_length\":\"14466\",\"responseTime\":\"201.358\"}","timestamp":"2025-03-17T09:03:42.684Z"}
{"level":"\u001b[32minfo\u001b[39m","message":"{\"method\":\"GET\",\"url\":\"/user/cases?page=1&limit=10\",\"status\":\"200\",\"content_length\":\"14466\",\"responseTime\":\"204.170\"}","timestamp":"2025-03-17T09:03:43.844Z"}
{"level":"\u001b[32minfo\u001b[39m","message":"{\"method\":\"GET\",\"url\":\"/user/cases?page=2&limit=10\",\"status\":\"200\",\"content_length\":\"14466\",\"responseTime\":\"205.028\"}","timestamp":"2025-03-17T09:03:48.261Z"}
{"level":"\u001b[32minfo\u001b[39m","message":"{\"method\":\"GET\",\"url\":\"/user/cases?page=3&limit=10\",\"status\":\"200\",\"content_length\":\"14466\",\"responseTime\":\"199.025\"}","timestamp":"2025-03-17T09:03:51.233Z"}
{"level":"\u001b[32minfo\u001b[39m","message":"{\"method\":\"GET\",\"url\":\"/user/67c5425bf76ea7ba4f81e267\",\"status\":\"304\",\"content_length\":\"-\",\"responseTime\":\"137.145\"}","timestamp":"2025-03-17T09:04:12.286Z"}
{"level":"\u001b[32minfo\u001b[39m","message":"{\"method\":\"GET\",\"url\":\"/user/cases?page=1&limit=5\",\"status\":\"200\",\"content_length\":\"7706\",\"responseTime\":\"256.308\"}","timestamp":"2025-03-17T09:04:12.462Z"}
{"level":"\u001b[32minfo\u001b[39m","message":"{\"method\":\"GET\",\"url\":\"/user/cases?page=1&limit=20\",\"status\":\"200\",\"content_length\":\"24037\",\"responseTime\":\"229.945\"}","timestamp":"2025-03-17T09:04:18.116Z"}
{"level":"\u001b[32minfo\u001b[39m","message":"{\"method\":\"GET\",\"url\":\"/user/cases?page=2&limit=20\",\"status\":\"200\",\"content_length\":\"5294\",\"responseTime\":\"217.868\"}","timestamp":"2025-03-17T09:04:20.060Z"}
{"level":"\u001b[32minfo\u001b[39m","message":"{\"method\":\"GET\",\"url\":\"/user/cases?page=1&limit=20\",\"status\":\"200\",\"content_length\":\"24037\",\"responseTime\":\"211.193\"}","timestamp":"2025-03-17T09:04:22.163Z"}
{"level":"\u001b[32minfo\u001b[39m","message":"{\"method\":\"GET\",\"url\":\"/user/cases?page=2&limit=20\",\"status\":\"200\",\"content_length\":\"5294\",\"responseTime\":\"464.860\"}","timestamp":"2025-03-17T09:04:26.086Z"}
{"level":"\u001b[32minfo\u001b[39m","message":"{\"method\":\"GET\",\"url\":\"/user/cases?page=1&limit=20\",\"status\":\"200\",\"content_length\":\"24037\",\"responseTime\":\"295.611\"}","timestamp":"2025-03-17T09:04:29.247Z"}
{"level":"\u001b[32minfo\u001b[39m","message":"{\"method\":\"GET\",\"url\":\"/user/67c5425bf76ea7ba4f81e267\",\"status\":\"304\",\"content_length\":\"-\",\"responseTime\":\"75.914\"}","timestamp":"2025-03-17T09:04:32.938Z"}
{"level":"\u001b[32minfo\u001b[39m","message":"{\"method\":\"GET\",\"url\":\"/user/cases?page=1&limit=5\",\"status\":\"200\",\"content_length\":\"7706\",\"responseTime\":\"244.875\"}","timestamp":"2025-03-17T09:04:33.177Z"}
{"level":"\u001b[32minfo\u001b[39m","message":"{\"method\":\"GET\",\"url\":\"/user/cases?page=2&limit=5\",\"status\":\"200\",\"content_length\":\"6938\",\"responseTime\":\"464.691\"}","timestamp":"2025-03-17T09:04:34.822Z"}
{"level":"\u001b[32minfo\u001b[39m","message":"{\"method\":\"GET\",\"url\":\"/user/cases?page=1&limit=5\",\"status\":\"200\",\"content_length\":\"7706\",\"responseTime\":\"443.443\"}","timestamp":"2025-03-17T09:04:38.779Z"}
{"level":"\u001b[32minfo\u001b[39m","message":"{\"method\":\"GET\",\"url\":\"/user/cases?page=2&limit=5\",\"status\":\"200\",\"content_length\":\"6938\",\"responseTime\":\"204.151\"}","timestamp":"2025-03-17T09:04:40.456Z"}
{"level":"\u001b[32minfo\u001b[39m","message":"{\"method\":\"GET\",\"url\":\"/user/cases?page=1&limit=10\",\"status\":\"200\",\"content_length\":\"14466\",\"responseTime\":\"206.218\"}","timestamp":"2025-03-17T09:04:43.685Z"}
{"level":"\u001b[32minfo\u001b[39m","message":"{\"method\":\"GET\",\"url\":\"/user/cases?page=3&limit=10\",\"status\":\"200\",\"content_length\":\"5294\",\"responseTime\":\"195.504\"}","timestamp":"2025-03-17T09:04:46.620Z"}
{"level":"\u001b[32minfo\u001b[39m","message":"{\"method\":\"GET\",\"url\":\"/user/cases?page=2&limit=10\",\"status\":\"200\",\"content_length\":\"9753\",\"responseTime\":\"199.739\"}","timestamp":"2025-03-17T09:04:48.169Z"}
{"level":"\u001b[32minfo\u001b[39m","message":"{\"method\":\"GET\",\"url\":\"/user/cases?page=1&limit=10\",\"status\":\"200\",\"content_length\":\"14466\",\"responseTime\":\"198.960\"}","timestamp":"2025-03-17T09:04:51.042Z"}
{"level":"\u001b[32minfo\u001b[39m","message":"{\"method\":\"GET\",\"url\":\"/user/cases?page=2&limit=10\",\"status\":\"200\",\"content_length\":\"9753\",\"responseTime\":\"199.665\"}","timestamp":"2025-03-17T09:04:53.140Z"}
{"level":"\u001b[32minfo\u001b[39m","message":"{\"method\":\"GET\",\"url\":\"/user/cases?page=3&limit=10\",\"status\":\"200\",\"content_length\":\"5294\",\"responseTime\":\"193.538\"}","timestamp":"2025-03-17T09:04:54.561Z"}
{"level":"\u001b[32minfo\u001b[39m","message":"{\"method\":\"GET\",\"url\":\"/user/cases?page=1&limit=20\",\"status\":\"200\",\"content_length\":\"24037\",\"responseTime\":\"236.901\"}","timestamp":"2025-03-17T09:04:56.996Z"}
{"level":"\u001b[32minfo\u001b[39m","message":"{\"method\":\"GET\",\"url\":\"/user/cases?page=2&limit=20\",\"status\":\"200\",\"content_length\":\"5294\",\"responseTime\":\"196.134\"}","timestamp":"2025-03-17T09:05:09.290Z"}
{"level":"\u001b[32minfo\u001b[39m","message":"{\"method\":\"GET\",\"url\":\"/user/cases?page=1&limit=20\",\"status\":\"200\",\"content_length\":\"24037\",\"responseTime\":\"225.594\"}","timestamp":"2025-03-17T09:05:11.260Z"}
{"level":"\u001b[32minfo\u001b[39m","message":"{\"method\":\"GET\",\"url\":\"/user/cases?page=2&limit=20\",\"status\":\"200\",\"content_length\":\"5294\",\"responseTime\":\"194.764\"}","timestamp":"2025-03-17T09:05:13.219Z"}
{"level":"\u001b[32minfo\u001b[39m","message":"{\"method\":\"GET\",\"url\":\"/user/cases?page=1&limit=20\",\"status\":\"200\",\"content_length\":\"24037\",\"responseTime\":\"206.156\"}","timestamp":"2025-03-17T09:05:16.282Z"}
{"level":"\u001b[32minfo\u001b[39m","message":"{\"method\":\"GET\",\"url\":\"/user/67c5425bf76ea7ba4f81e267\",\"status\":\"304\",\"content_length\":\"-\",\"responseTime\":\"70.466\"}","timestamp":"2025-03-17T09:05:18.570Z"}
{"level":"\u001b[32minfo\u001b[39m","message":"{\"method\":\"GET\",\"url\":\"/user/cases?page=1&limit=5\",\"status\":\"200\",\"content_length\":\"7706\",\"responseTime\":\"226.539\"}","timestamp":"2025-03-17T09:05:18.820Z"}
{"level":"\u001b[32minfo\u001b[39m","message":"{\"method\":\"GET\",\"url\":\"/user/cases?page=1&limit=20\",\"status\":\"200\",\"content_length\":\"24037\",\"responseTime\":\"200.269\"}","timestamp":"2025-03-17T09:05:21.792Z"}
{"level":"\u001b[32minfo\u001b[39m","message":"{\"method\":\"GET\",\"url\":\"/user/cases?page=2&limit=20\",\"status\":\"200\",\"content_length\":\"5294\",\"responseTime\":\"195.049\"}","timestamp":"2025-03-17T09:05:24.184Z"}
{"level":"\u001b[32minfo\u001b[39m","message":"{\"method\":\"GET\",\"url\":\"/user/cases?page=1&limit=100\",\"status\":\"200\",\"content_length\":\"29151\",\"responseTime\":\"224.118\"}","timestamp":"2025-03-17T09:05:28.243Z"}
{"level":"\u001b[32minfo\u001b[39m","message":"{\"method\":\"GET\",\"url\":\"/user/cases?page=1&limit=100\",\"status\":\"200\",\"content_length\":\"29151\",\"responseTime\":\"245.993\"}","timestamp":"2025-03-17T09:05:31.027Z"}
{"level":"\u001b[32minfo\u001b[39m","message":"{\"method\":\"GET\",\"url\":\"/user/67c5425bf76ea7ba4f81e267\",\"status\":\"304\",\"content_length\":\"-\",\"responseTime\":\"69.186\"}","timestamp":"2025-03-17T09:05:36.504Z"}
{"level":"\u001b[32minfo\u001b[39m","message":"{\"method\":\"GET\",\"url\":\"/user/cases?page=1&limit=5\",\"status\":\"200\",\"content_length\":\"7706\",\"responseTime\":\"213.503\"}","timestamp":"2025-03-17T09:05:36.728Z"}
{"level":"\u001b[32minfo\u001b[39m","message":"{\"method\":\"GET\",\"url\":\"/user/cases?page=1&limit=100\",\"status\":\"200\",\"content_length\":\"29151\",\"responseTime\":\"238.462\"}","timestamp":"2025-03-17T09:05:39.244Z"}
{"level":"\u001b[32minfo\u001b[39m","message":"{\"method\":\"GET\",\"url\":\"/user/67c5425bf76ea7ba4f81e267\",\"status\":\"304\",\"content_length\":\"-\",\"responseTime\":\"38.823\"}","timestamp":"2025-03-17T09:05:44.418Z"}
{"level":"\u001b[32minfo\u001b[39m","message":"{\"method\":\"GET\",\"url\":\"/user/cases?page=1&limit=5\",\"status\":\"200\",\"content_length\":\"7706\",\"responseTime\":\"117.551\"}","timestamp":"2025-03-17T09:05:44.523Z"}
{"level":"\u001b[32minfo\u001b[39m","message":"{\"method\":\"GET\",\"url\":\"/user/cases?page=2&limit=5\",\"status\":\"200\",\"content_length\":\"6938\",\"responseTime\":\"95.503\"}","timestamp":"2025-03-17T09:05:47.637Z"}
{"level":"\u001b[32minfo\u001b[39m","message":"{\"method\":\"GET\",\"url\":\"/user/cases?page=1&limit=100\",\"status\":\"200\",\"content_length\":\"29151\",\"responseTime\":\"109.642\"}","timestamp":"2025-03-17T09:05:50.167Z"}
{"level":"\u001b[32minfo\u001b[39m","message":"{\"method\":\"GET\",\"url\":\"/user/67c5425bf76ea7ba4f81e267\",\"status\":\"304\",\"content_length\":\"-\",\"responseTime\":\"35.823\"}","timestamp":"2025-03-17T09:06:21.320Z"}
{"level":"\u001b[32minfo\u001b[39m","message":"{\"method\":\"GET\",\"url\":\"/user/cases?page=1&limit=5\",\"status\":\"200\",\"content_length\":\"7706\",\"responseTime\":\"122.368\"}","timestamp":"2025-03-17T09:06:21.419Z"}
{"level":"\u001b[32minfo\u001b[39m","message":"{\"method\":\"GET\",\"url\":\"/user/cases?page=2&limit=5\",\"status\":\"200\",\"content_length\":\"6938\",\"responseTime\":\"92.255\"}","timestamp":"2025-03-17T09:06:25.743Z"}
{"level":"\u001b[32minfo\u001b[39m","message":"{\"method\":\"GET\",\"url\":\"/user/cases?page=3&limit=5\",\"status\":\"200\",\"content_length\":\"4163\",\"responseTime\":\"108.608\"}","timestamp":"2025-03-17T09:06:27.405Z"}
{"level":"\u001b[32minfo\u001b[39m","message":"{\"method\":\"GET\",\"url\":\"/user/cases?page=4&limit=5\",\"status\":\"200\",\"content_length\":\"5768\",\"responseTime\":\"93.934\"}","timestamp":"2025-03-17T09:06:27.912Z"}
{"level":"\u001b[32minfo\u001b[39m","message":"{\"method\":\"GET\",\"url\":\"/user/cases?page=5&limit=5\",\"status\":\"200\",\"content_length\":\"5293\",\"responseTime\":\"92.670\"}","timestamp":"2025-03-17T09:06:28.621Z"}
{"level":"\u001b[32minfo\u001b[39m","message":"{\"method\":\"GET\",\"url\":\"/user/cases?page=1&limit=100\",\"status\":\"200\",\"content_length\":\"29151\",\"responseTime\":\"105.332\"}","timestamp":"2025-03-17T09:06:31.403Z"}
{"level":"\u001b[32minfo\u001b[39m","message":"{\"method\":\"GET\",\"url\":\"/user/cases?page=5&limit=100&client_name=C\",\"status\":\"500\",\"content_length\":\"139\",\"responseTime\":\"38.165\"}","timestamp":"2025-03-17T09:06:34.732Z"}
{"level":"\u001b[32minfo\u001b[39m","message":"{\"method\":\"GET\",\"url\":\"/user/cases?page=5&limit=100&ref_number=C\",\"status\":\"500\",\"content_length\":\"139\",\"responseTime\":\"34.958\"}","timestamp":"2025-03-17T09:06:34.737Z"}
{"level":"\u001b[32minfo\u001b[39m","message":"{\"method\":\"GET\",\"url\":\"/user/cases?page=5&limit=100&client_name=Ca\",\"status\":\"200\",\"content_length\":\"182\",\"responseTime\":\"30.567\"}","timestamp":"2025-03-17T09:06:34.836Z"}
{"level":"\u001b[32minfo\u001b[39m","message":"{\"method\":\"GET\",\"url\":\"/user/cases?page=5&limit=100&ref_number=Ca\",\"status\":\"500\",\"content_length\":\"139\",\"responseTime\":\"31.021\"}","timestamp":"2025-03-17T09:06:34.842Z"}
{"level":"\u001b[32minfo\u001b[39m","message":"{\"method\":\"GET\",\"url\":\"/user/cases?page=5&limit=100&client_name=Cas\",\"status\":\"200\",\"content_length\":\"182\",\"responseTime\":\"32.227\"}","timestamp":"2025-03-17T09:06:35.114Z"}
{"level":"\u001b[32minfo\u001b[39m","message":"{\"method\":\"GET\",\"url\":\"/user/cases?page=5&limit=100&ref_number=Cas\",\"status\":\"500\",\"content_length\":\"139\",\"responseTime\":\"33.486\"}","timestamp":"2025-03-17T09:06:35.120Z"}
{"level":"\u001b[32minfo\u001b[39m","message":"{\"method\":\"GET\",\"url\":\"/user/cases?page=5&limit=100&client_name=Case\",\"status\":\"200\",\"content_length\":\"182\",\"responseTime\":\"30.902\"}","timestamp":"2025-03-17T09:06:35.204Z"}
{"level":"\u001b[32minfo\u001b[39m","message":"{\"method\":\"GET\",\"url\":\"/user/cases?page=5&limit=100&ref_number=Case\",\"status\":\"500\",\"content_length\":\"139\",\"responseTime\":\"29.443\"}","timestamp":"2025-03-17T09:06:35.208Z"}
{"level":"\u001b[32minfo\u001b[39m","message":"{\"method\":\"GET\",\"url\":\"/user/cases?page=5&limit=100&client_name=Case3\",\"status\":\"200\",\"content_length\":\"182\",\"responseTime\":\"30.947\"}","timestamp":"2025-03-17T09:06:35.604Z"}
{"level":"\u001b[32minfo\u001b[39m","message":"{\"method\":\"GET\",\"url\":\"/user/cases?page=5&limit=100&ref_number=Case3\",\"status\":\"500\",\"content_length\":\"139\",\"responseTime\":\"33.802\"}","timestamp":"2025-03-17T09:06:35.612Z"}
{"level":"\u001b[32minfo\u001b[39m","message":"{\"method\":\"GET\",\"url\":\"/user/cases?page=5&limit=100&client_name=Case\",\"status\":\"304\",\"content_length\":\"-\",\"responseTime\":\"33.300\"}","timestamp":"2025-03-17T09:06:37.464Z"}
{"level":"\u001b[32minfo\u001b[39m","message":"{\"method\":\"GET\",\"url\":\"/user/cases?page=5&limit=100&ref_number=Case\",\"status\":\"500\",\"content_length\":\"139\",\"responseTime\":\"33.074\"}","timestamp":"2025-03-17T09:06:37.467Z"}
{"level":"\u001b[32minfo\u001b[39m","message":"{\"method\":\"GET\",\"url\":\"/user/cases?page=5&limit=100&ref_number=Case\",\"status\":\"500\",\"content_length\":\"139\",\"responseTime\":\"34.031\"}","timestamp":"2025-03-17T09:06:38.064Z"}
{"level":"\u001b[32minfo\u001b[39m","message":"{\"method\":\"GET\",\"url\":\"/user/cases?page=5&limit=100&client_name=Case\",\"status\":\"304\",\"content_length\":\"-\",\"responseTime\":\"502.427\"}","timestamp":"2025-03-17T09:06:38.541Z"}
{"level":"\u001b[32minfo\u001b[39m","message":"{\"method\":\"GET\",\"url\":\"/user/cases?page=5&limit=100&client_name=Case%203\",\"status\":\"200\",\"content_length\":\"182\",\"responseTime\":\"32.047\"}","timestamp":"2025-03-17T09:06:38.695Z"}
{"level":"\u001b[32minfo\u001b[39m","message":"{\"method\":\"GET\",\"url\":\"/user/cases?page=5&limit=100&ref_number=Case%203\",\"status\":\"200\",\"content_length\":\"182\",\"responseTime\":\"30.358\"}","timestamp":"2025-03-17T09:06:38.698Z"}
{"level":"\u001b[32minfo\u001b[39m","message":"{\"method\":\"GET\",\"url\":\"/user/cases?page=5&limit=100&client_name=Case\",\"status\":\"304\",\"content_length\":\"-\",\"responseTime\":\"40.187\"}","timestamp":"2025-03-17T09:06:39.233Z"}
{"level":"\u001b[32minfo\u001b[39m","message":"{\"method\":\"GET\",\"url\":\"/user/cases?page=5&limit=100&ref_number=Case\",\"status\":\"500\",\"content_length\":\"139\",\"responseTime\":\"284.810\"}","timestamp":"2025-03-17T09:06:39.482Z"}
{"level":"\u001b[32minfo\u001b[39m","message":"{\"method\":\"GET\",\"url\":\"/user/cases?page=5&limit=100&client_name=Case\",\"status\":\"304\",\"content_length\":\"-\",\"responseTime\":\"34.184\"}","timestamp":"2025-03-17T09:06:39.547Z"}
{"level":"\u001b[32minfo\u001b[39m","message":"{\"method\":\"GET\",\"url\":\"/user/cases?page=5&limit=100&ref_number=Case\",\"status\":\"500\",\"content_length\":\"139\",\"responseTime\":\"35.379\"}","timestamp":"2025-03-17T09:06:39.553Z"}
{"level":"\u001b[32minfo\u001b[39m","message":"{\"method\":\"GET\",\"url\":\"/user/cases?page=5&limit=100&client_name=Cas\",\"status\":\"304\",\"content_length\":\"-\",\"responseTime\":\"35.300\"}","timestamp":"2025-03-17T09:06:39.781Z"}
{"level":"\u001b[32minfo\u001b[39m","message":"{\"method\":\"GET\",\"url\":\"/user/cases?page=5&limit=100&ref_number=Cas\",\"status\":\"500\",\"content_length\":\"139\",\"responseTime\":\"35.663\"}","timestamp":"2025-03-17T09:06:39.784Z"}
{"level":"\u001b[32minfo\u001b[39m","message":"{\"method\":\"GET\",\"url\":\"/user/cases?page=5&limit=100&client_name=Ca\",\"status\":\"304\",\"content_length\":\"-\",\"responseTime\":\"31.368\"}","timestamp":"2025-03-17T09:06:40.119Z"}
{"level":"\u001b[32minfo\u001b[39m","message":"{\"method\":\"GET\",\"url\":\"/user/cases?page=5&limit=100&ref_number=Ca\",\"status\":\"500\",\"content_length\":\"139\",\"responseTime\":\"30.583\"}","timestamp":"2025-03-17T09:06:40.123Z"}
{"level":"\u001b[32minfo\u001b[39m","message":"{\"method\":\"GET\",\"url\":\"/user/cases?page=5&limit=100&client_name=C\",\"status\":\"500\",\"content_length\":\"139\",\"responseTime\":\"29.681\"}","timestamp":"2025-03-17T09:06:40.321Z"}
{"level":"\u001b[32minfo\u001b[39m","message":"{\"method\":\"GET\",\"url\":\"/user/cases?page=5&limit=100&ref_number=C\",\"status\":\"500\",\"content_length\":\"139\",\"responseTime\":\"31.028\"}","timestamp":"2025-03-17T09:06:40.326Z"}
{"level":"\u001b[32minfo\u001b[39m","message":"{\"method\":\"GET\",\"url\":\"/user/cases?page=5&limit=100\",\"status\":\"500\",\"content_length\":\"139\",\"responseTime\":\"264.004\"}","timestamp":"2025-03-17T09:06:40.780Z"}
{"level":"\u001b[32minfo\u001b[39m","message":"{\"method\":\"GET\",\"url\":\"/user/cases?page=5&limit=100&client_name=c\",\"status\":\"500\",\"content_length\":\"139\",\"responseTime\":\"31.498\"}","timestamp":"2025-03-17T09:06:42.122Z"}
{"level":"\u001b[32minfo\u001b[39m","message":"{\"method\":\"GET\",\"url\":\"/user/cases?page=5&limit=100&ref_number=c\",\"status\":\"500\",\"content_length\":\"139\",\"responseTime\":\"31.264\"}","timestamp":"2025-03-17T09:06:42.130Z"}
{"level":"\u001b[32minfo\u001b[39m","message":"{\"method\":\"GET\",\"url\":\"/user/cases?page=5&limit=100&client_name=ca\",\"status\":\"200\",\"content_length\":\"182\",\"responseTime\":\"30.076\"}","timestamp":"2025-03-17T09:06:42.226Z"}
{"level":"\u001b[32minfo\u001b[39m","message":"{\"method\":\"GET\",\"url\":\"/user/cases?page=5&limit=100&ref_number=ca\",\"status\":\"500\",\"content_length\":\"139\",\"responseTime\":\"34.209\"}","timestamp":"2025-03-17T09:06:42.234Z"}
{"level":"\u001b[32minfo\u001b[39m","message":"{\"method\":\"GET\",\"url\":\"/user/cases?page=5&limit=100&client_name=cas\",\"status\":\"200\",\"content_length\":\"182\",\"responseTime\":\"28.529\"}","timestamp":"2025-03-17T09:06:42.416Z"}
{"level":"\u001b[32minfo\u001b[39m","message":"{\"method\":\"GET\",\"url\":\"/user/cases?page=5&limit=100&ref_number=cas\",\"status\":\"500\",\"content_length\":\"139\",\"responseTime\":\"27.299\"}","timestamp":"2025-03-17T09:06:42.418Z"}
{"level":"\u001b[32minfo\u001b[39m","message":"{\"method\":\"GET\",\"url\":\"/user/cases?page=5&limit=100&ref_number=case\",\"status\":\"500\",\"content_length\":\"139\",\"responseTime\":\"26.887\"}","timestamp":"2025-03-17T09:06:42.673Z"}
{"level":"\u001b[32minfo\u001b[39m","message":"{\"method\":\"GET\",\"url\":\"/user/cases?page=5&limit=100&client_name=case\",\"status\":\"200\",\"content_length\":\"182\",\"responseTime\":\"276.555\"}","timestamp":"2025-03-17T09:06:42.920Z"}
{"level":"\u001b[32minfo\u001b[39m","message":"{\"method\":\"GET\",\"url\":\"/user/67c5425bf76ea7ba4f81e267\",\"status\":\"304\",\"content_length\":\"-\",\"responseTime\":\"43.425\"}","timestamp":"2025-03-17T09:06:44.682Z"}
{"level":"\u001b[32minfo\u001b[39m","message":"{\"method\":\"GET\",\"url\":\"/user/cases?page=1&limit=5\",\"status\":\"200\",\"content_length\":\"7706\",\"responseTime\":\"127.461\"}","timestamp":"2025-03-17T09:06:44.811Z"}
{"level":"\u001b[32minfo\u001b[39m","message":"{\"method\":\"GET\",\"url\":\"/user/cases?page=2&limit=5\",\"status\":\"200\",\"content_length\":\"6938\",\"responseTime\":\"329.292\"}","timestamp":"2025-03-17T09:06:48.291Z"}
{"level":"\u001b[32minfo\u001b[39m","message":"{\"method\":\"GET\",\"url\":\"/user/cases?page=1&limit=50\",\"status\":\"200\",\"content_length\":\"29150\",\"responseTime\":\"328.537\"}","timestamp":"2025-03-17T09:06:50.821Z"}
{"level":"\u001b[32minfo\u001b[39m","message":"{\"method\":\"GET\",\"url\":\"/user/cases?page=2&limit=50&client_name=C\",\"status\":\"500\",\"content_length\":\"139\",\"responseTime\":\"36.239\"}","timestamp":"2025-03-17T09:06:54.957Z"}
{"level":"\u001b[32minfo\u001b[39m","message":"{\"method\":\"GET\",\"url\":\"/user/cases?page=2&limit=50&ref_number=C\",\"status\":\"500\",\"content_length\":\"139\",\"responseTime\":\"32.156\"}","timestamp":"2025-03-17T09:06:54.962Z"}
{"level":"\u001b[32minfo\u001b[39m","message":"{\"method\":\"GET\",\"url\":\"/user/cases?page=2&limit=50\",\"status\":\"500\",\"content_length\":\"139\",\"responseTime\":\"30.236\"}","timestamp":"2025-03-17T09:07:00.806Z"}
{"level":"\u001b[32minfo\u001b[39m","message":"{\"method\":\"GET\",\"url\":\"/user/67c5425bf76ea7ba4f81e267\",\"status\":\"304\",\"content_length\":\"-\",\"responseTime\":\"49.622\"}","timestamp":"2025-03-17T09:07:04.344Z"}
{"level":"\u001b[32minfo\u001b[39m","message":"{\"method\":\"GET\",\"url\":\"/user/cases?page=1&limit=5\",\"status\":\"200\",\"content_length\":\"7706\",\"responseTime\":\"133.396\"}","timestamp":"2025-03-17T09:07:04.459Z"}
{"level":"\u001b[32minfo\u001b[39m","message":"{\"method\":\"GET\",\"url\":\"/user/cases?page=1&limit=5&client_name=C\",\"status\":\"200\",\"content_length\":\"7245\",\"responseTime\":\"92.146\"}","timestamp":"2025-03-17T09:07:05.782Z"}
{"level":"\u001b[32minfo\u001b[39m","message":"{\"method\":\"GET\",\"url\":\"/user/cases?page=1&limit=5&ref_number=C\",\"status\":\"200\",\"content_length\":\"7245\",\"responseTime\":\"269.772\"}","timestamp":"2025-03-17T09:07:05.965Z"}
{"level":"\u001b[32minfo\u001b[39m","message":"{\"method\":\"GET\",\"url\":\"/user/cases?page=1&limit=5&client_name=Ca\",\"status\":\"200\",\"content_length\":\"180\",\"responseTime\":\"34.462\"}","timestamp":"2025-03-17T09:07:07.462Z"}
{"level":"\u001b[32minfo\u001b[39m","message":"{\"method\":\"GET\",\"url\":\"/user/cases?page=1&limit=5&ref_number=Ca\",\"status\":\"200\",\"content_length\":\"7245\",\"responseTime\":\"95.174\"}","timestamp":"2025-03-17T09:07:07.531Z"}
{"level":"\u001b[32minfo\u001b[39m","message":"{\"method\":\"GET\",\"url\":\"/user/cases?page=1&limit=5&client_name=Cas\",\"status\":\"200\",\"content_length\":\"180\",\"responseTime\":\"41.353\"}","timestamp":"2025-03-17T09:07:07.753Z"}
{"level":"\u001b[32minfo\u001b[39m","message":"{\"method\":\"GET\",\"url\":\"/user/cases?page=1&limit=5&ref_number=Cas\",\"status\":\"200\",\"content_length\":\"7245\",\"responseTime\":\"96.687\"}","timestamp":"2025-03-17T09:07:07.815Z"}
{"level":"\u001b[32minfo\u001b[39m","message":"{\"method\":\"GET\",\"url\":\"/user/cases?page=1&limit=5&client_name=Case\",\"status\":\"200\",\"content_length\":\"180\",\"responseTime\":\"38.156\"}","timestamp":"2025-03-17T09:07:08.200Z"}
{"level":"\u001b[32minfo\u001b[39m","message":"{\"method\":\"GET\",\"url\":\"/user/cases?page=1&limit=5&ref_number=Case\",\"status\":\"200\",\"content_length\":\"7245\",\"responseTime\":\"99.724\"}","timestamp":"2025-03-17T09:07:08.271Z"}
{"level":"\u001b[32minfo\u001b[39m","message":"{\"method\":\"GET\",\"url\":\"/user/cases?page=1&limit=5&client_name=Case1\",\"status\":\"200\",\"content_length\":\"180\",\"responseTime\":\"32.838\"}","timestamp":"2025-03-17T09:07:11.519Z"}
{"level":"\u001b[32minfo\u001b[39m","message":"{\"method\":\"GET\",\"url\":\"/user/cases?page=1&limit=5&ref_number=Case1\",\"status\":\"200\",\"content_length\":\"7363\",\"responseTime\":\"95.069\"}","timestamp":"2025-03-17T09:07:11.585Z"}
{"level":"\u001b[32minfo\u001b[39m","message":"{\"method\":\"GET\",\"url\":\"/user/cases?page=1&limit=5&client_name=Case11\",\"status\":\"200\",\"content_length\":\"180\",\"responseTime\":\"30.875\"}","timestamp":"2025-03-17T09:07:11.716Z"}
{"level":"\u001b[32minfo\u001b[39m","message":"{\"method\":\"GET\",\"url\":\"/user/cases?page=1&limit=5&ref_number=Case11\",\"status\":\"200\",\"content_length\":\"3105\",\"responseTime\":\"89.735\"}","timestamp":"2025-03-17T09:07:11.778Z"}
{"level":"\u001b[32minfo\u001b[39m","message":"{\"method\":\"GET\",\"url\":\"/user/cases?page=1&limit=5&client_name=Case1\",\"status\":\"304\",\"content_length\":\"-\",\"responseTime\":\"38.085\"}","timestamp":"2025-03-17T09:07:13.152Z"}
{"level":"\u001b[32minfo\u001b[39m","message":"{\"method\":\"GET\",\"url\":\"/user/cases?page=1&limit=5&ref_number=Case1\",\"status\":\"200\",\"content_length\":\"7363\",\"responseTime\":\"105.766\"}","timestamp":"2025-03-17T09:07:13.226Z"}
{"level":"\u001b[32minfo\u001b[39m","message":"{\"method\":\"GET\",\"url\":\"/user/cases?page=1&limit=5&client_name=Case\",\"status\":\"304\",\"content_length\":\"-\",\"responseTime\":\"35.743\"}","timestamp":"2025-03-17T09:07:13.480Z"}
{"level":"\u001b[32minfo\u001b[39m","message":"{\"method\":\"GET\",\"url\":\"/user/cases?page=1&limit=5&ref_number=Case\",\"status\":\"200\",\"content_length\":\"7245\",\"responseTime\":\"100.666\"}","timestamp":"2025-03-17T09:07:13.553Z"}
{"level":"\u001b[32minfo\u001b[39m","message":"{\"method\":\"GET\",\"url\":\"/user/cases?page=1&limit=5&client_name=Cas\",\"status\":\"304\",\"content_length\":\"-\",\"responseTime\":\"34.296\"}","timestamp":"2025-03-17T09:07:13.639Z"}
{"level":"\u001b[32minfo\u001b[39m","message":"{\"method\":\"GET\",\"url\":\"/user/cases?page=1&limit=5&ref_number=Cas\",\"status\":\"200\",\"content_length\":\"7245\",\"responseTime\":\"93.411\"}","timestamp":"2025-03-17T09:07:13.702Z"}
{"level":"\u001b[32minfo\u001b[39m","message":"{\"method\":\"GET\",\"url\":\"/user/cases?page=1&limit=5&client_name=Ca\",\"status\":\"304\",\"content_length\":\"-\",\"responseTime\":\"30.530\"}","timestamp":"2025-03-17T09:07:13.827Z"}
{"level":"\u001b[32minfo\u001b[39m","message":"{\"method\":\"GET\",\"url\":\"/user/cases?page=1&limit=5&ref_number=Ca\",\"status\":\"200\",\"content_length\":\"7245\",\"responseTime\":\"93.983\"}","timestamp":"2025-03-17T09:07:13.893Z"}
{"level":"\u001b[32minfo\u001b[39m","message":"{\"method\":\"GET\",\"url\":\"/user/cases?page=1&limit=5&ref_number=C\",\"status\":\"200\",\"content_length\":\"7245\",\"responseTime\":\"90.422\"}","timestamp":"2025-03-17T09:07:14.117Z"}
{"level":"\u001b[32minfo\u001b[39m","message":"{\"method\":\"GET\",\"url\":\"/user/cases?page=1&limit=5&client_name=C\",\"status\":\"200\",\"content_length\":\"7245\",\"responseTime\":\"89.922\"}","timestamp":"2025-03-17T09:07:14.119Z"}
{"level":"\u001b[32minfo\u001b[39m","message":"{\"method\":\"GET\",\"url\":\"/user/cases?page=1&limit=5\",\"status\":\"200\",\"content_length\":\"7706\",\"responseTime\":\"92.468\"}","timestamp":"2025-03-17T09:07:14.608Z"}
{"level":"\u001b[32minfo\u001b[39m","message":"{\"method\":\"GET\",\"url\":\"/user/cases?page=1&limit=5&client_name=a\",\"status\":\"200\",\"content_length\":\"5951\",\"responseTime\":\"92.590\"}","timestamp":"2025-03-17T09:07:15.679Z"}
{"level":"\u001b[32minfo\u001b[39m","message":"{\"method\":\"GET\",\"url\":\"/user/cases?page=1&limit=5&ref_number=a\",\"status\":\"200\",\"content_length\":\"7476\",\"responseTime\":\"94.848\"}","timestamp":"2025-03-17T09:07:15.686Z"}
{"level":"\u001b[32minfo\u001b[39m","message":"{\"method\":\"GET\",\"url\":\"/user/cases?page=1&limit=5&client_name=aa\",\"status\":\"200\",\"content_length\":\"1672\",\"responseTime\":\"85.277\"}","timestamp":"2025-03-17T09:07:15.901Z"}
{"level":"\u001b[32minfo\u001b[39m","message":"{\"method\":\"GET\",\"url\":\"/user/cases?page=1&limit=5&ref_number=aa\",\"status\":\"200\",\"content_length\":\"1672\",\"responseTime\":\"84.584\"}","timestamp":"2025-03-17T09:07:15.903Z"}
{"level":"\u001b[32minfo\u001b[39m","message":"{\"method\":\"GET\",\"url\":\"/user/cases?page=1&limit=5&client_name=aaa\",\"status\":\"200\",\"content_length\":\"1672\",\"responseTime\":\"119.519\"}","timestamp":"2025-03-17T09:07:16.133Z"}
{"level":"\u001b[32minfo\u001b[39m","message":"{\"method\":\"GET\",\"url\":\"/user/cases?page=1&limit=5&ref_number=aaa\",\"status\":\"200\",\"content_length\":\"1672\",\"responseTime\":\"117.820\"}","timestamp":"2025-03-17T09:07:16.138Z"}
{"level":"\u001b[32minfo\u001b[39m","message":"{\"method\":\"GET\",\"url\":\"/user/cases?page=1&limit=5&client_name=aaaa\",\"status\":\"200\",\"content_length\":\"180\",\"responseTime\":\"28.757\"}","timestamp":"2025-03-17T09:07:16.197Z"}
{"level":"\u001b[32minfo\u001b[39m","message":"{\"method\":\"GET\",\"url\":\"/user/cases?page=1&limit=5&ref_number=aaaa\",\"status\":\"200\",\"content_length\":\"1672\",\"responseTime\":\"86.724\"}","timestamp":"2025-03-17T09:07:16.259Z"}
{"level":"\u001b[32minfo\u001b[39m","message":"{\"method\":\"GET\",\"url\":\"/user/cases?page=1&limit=5&client_name=aaa\",\"status\":\"200\",\"content_length\":\"1672\",\"responseTime\":\"106.598\"}","timestamp":"2025-03-17T09:07:16.577Z"}
{"level":"\u001b[32minfo\u001b[39m","message":"{\"method\":\"GET\",\"url\":\"/user/cases?page=1&limit=5&ref_number=aaa\",\"status\":\"200\",\"content_length\":\"1672\",\"responseTime\":\"98.530\"}","timestamp":"2025-03-17T09:07:16.585Z"}
{"level":"\u001b[32minfo\u001b[39m","message":"{\"method\":\"GET\",\"url\":\"/user/cases?page=1&limit=5&ref_number=aa\",\"status\":\"200\",\"content_length\":\"1672\",\"responseTime\":\"150.614\"}","timestamp":"2025-03-17T09:07:17.119Z"}
{"level":"\u001b[32minfo\u001b[39m","message":"{\"method\":\"GET\",\"url\":\"/user/cases?page=1&limit=5&client_name=aa\",\"status\":\"200\",\"content_length\":\"1672\",\"responseTime\":\"161.853\"}","timestamp":"2025-03-17T09:07:17.121Z"}
{"level":"\u001b[32minfo\u001b[39m","message":"{\"method\":\"GET\",\"url\":\"/user/cases?page=1&limit=5&client_name=a\",\"status\":\"200\",\"content_length\":\"5951\",\"responseTime\":\"131.526\"}","timestamp":"2025-03-17T09:07:17.163Z"}
{"level":"\u001b[32minfo\u001b[39m","message":"{\"method\":\"GET\",\"url\":\"/user/cases?page=1&limit=5\",\"status\":\"200\",\"content_length\":\"7706\",\"responseTime\":\"110.061\"}","timestamp":"2025-03-17T09:07:17.178Z"}
{"level":"\u001b[32minfo\u001b[39m","message":"{\"method\":\"GET\",\"url\":\"/user/cases?page=1&limit=5&ref_number=a\",\"status\":\"200\",\"content_length\":\"7476\",\"responseTime\":\"223.159\"}","timestamp":"2025-03-17T09:07:17.261Z"}
{"level":"\u001b[32minfo\u001b[39m","message":"{\"method\":\"GET\",\"url\":\"/user/cases?page=1&limit=5&client_name=a\",\"status\":\"200\",\"content_length\":\"5951\",\"responseTime\":\"87.832\"}","timestamp":"2025-03-17T09:07:20.641Z"}
{"level":"\u001b[32minfo\u001b[39m","message":"{\"method\":\"GET\",\"url\":\"/user/cases?page=1&limit=5&ref_number=a\",\"status\":\"200\",\"content_length\":\"7476\",\"responseTime\":\"88.882\"}","timestamp":"2025-03-17T09:07:20.648Z"}
{"level":"\u001b[32minfo\u001b[39m","message":"{\"method\":\"GET\",\"url\":\"/user/cases?page=1&limit=5&client_name=aa\",\"status\":\"200\",\"content_length\":\"1672\",\"responseTime\":\"94.564\"}","timestamp":"2025-03-17T09:07:20.799Z"}
{"level":"\u001b[32minfo\u001b[39m","message":"{\"method\":\"GET\",\"url\":\"/user/cases?page=1&limit=5&ref_number=aa\",\"status\":\"200\",\"content_length\":\"1672\",\"responseTime\":\"99.655\"}","timestamp":"2025-03-17T09:07:20.807Z"}
{"level":"\u001b[32minfo\u001b[39m","message":"{\"method\":\"GET\",\"url\":\"/user/cases?page=1&limit=5&client_name=aaa\",\"status\":\"200\",\"content_length\":\"1672\",\"responseTime\":\"115.551\"}","timestamp":"2025-03-17T09:07:21.018Z"}
{"level":"\u001b[32minfo\u001b[39m","message":"{\"method\":\"GET\",\"url\":\"/user/cases?page=1&limit=5&ref_number=aaa\",\"status\":\"200\",\"content_length\":\"1672\",\"responseTime\":\"111.081\"}","timestamp":"2025-03-17T09:07:21.020Z"}
{"level":"\u001b[32minfo\u001b[39m","message":"{\"method\":\"GET\",\"url\":\"/user/cases?page=1&limit=5&client_name=aaaa\",\"status\":\"304\",\"content_length\":\"-\",\"responseTime\":\"41.631\"}","timestamp":"2025-03-17T09:07:21.103Z"}
{"level":"\u001b[32minfo\u001b[39m","message":"{\"method\":\"GET\",\"url\":\"/user/cases?page=1&limit=5&client_name=aaaaa\",\"status\":\"200\",\"content_length\":\"180\",\"responseTime\":\"37.111\"}","timestamp":"2025-03-17T09:07:21.282Z"}
{"level":"\u001b[32minfo\u001b[39m","message":"{\"method\":\"GET\",\"url\":\"/user/cases?page=1&limit=5&ref_number=aaaaa\",\"status\":\"200\",\"content_length\":\"180\",\"responseTime\":\"38.191\"}","timestamp":"2025-03-17T09:07:21.289Z"}
{"level":"\u001b[32minfo\u001b[39m","message":"{\"method\":\"GET\",\"url\":\"/user/cases?page=1&limit=5&ref_number=aaaa\",\"status\":\"200\",\"content_length\":\"1672\",\"responseTime\":\"360.528\"}","timestamp":"2025-03-17T09:07:21.426Z"}
{"level":"\u001b[32minfo\u001b[39m","message":"{\"method\":\"GET\",\"url\":\"/user/cases?page=1&limit=100&ref_number=aaaaa\",\"status\":\"200\",\"content_length\":\"182\",\"responseTime\":\"79.110\"}","timestamp":"2025-03-17T09:07:23.848Z"}
{"level":"\u001b[32minfo\u001b[39m","message":"{\"method\":\"GET\",\"url\":\"/user/cases?page=1&limit=100&client_name=aaaaa\",\"status\":\"200\",\"content_length\":\"182\",\"responseTime\":\"89.800\"}","timestamp":"2025-03-17T09:07:23.850Z"}
{"level":"\u001b[32minfo\u001b[39m","message":"{\"method\":\"GET\",\"url\":\"/user/67c5425bf76ea7ba4f81e267\",\"status\":\"304\",\"content_length\":\"-\",\"responseTime\":\"40.525\"}","timestamp":"2025-03-17T09:07:39.534Z"}
{"level":"\u001b[32minfo\u001b[39m","message":"{\"method\":\"GET\",\"url\":\"/user/cases?page=1&limit=5\",\"status\":\"200\",\"content_length\":\"7706\",\"responseTime\":\"139.461\"}","timestamp":"2025-03-17T09:07:39.683Z"}
{"level":"\u001b[32minfo\u001b[39m","message":"{\"method\":\"GET\",\"url\":\"/user/cases?page=1&limit=5&client_name=a\",\"status\":\"200\",\"content_length\":\"5951\",\"responseTime\":\"103.700\"}","timestamp":"2025-03-17T09:07:41.851Z"}
{"level":"\u001b[32minfo\u001b[39m","message":"{\"method\":\"GET\",\"url\":\"/user/cases?page=1&limit=5&ref_number=a\",\"status\":\"200\",\"content_length\":\"7476\",\"responseTime\":\"103.269\"}","timestamp":"2025-03-17T09:07:41.872Z"}
{"level":"\u001b[32minfo\u001b[39m","message":"{\"method\":\"GET\",\"url\":\"/user/cases?page=1&limit=5&ref_number=aa\",\"status\":\"200\",\"content_length\":\"1672\",\"responseTime\":\"344.991\"}","timestamp":"2025-03-17T09:07:42.431Z"}
{"level":"\u001b[32minfo\u001b[39m","message":"{\"method\":\"GET\",\"url\":\"/user/cases?page=1&limit=5&client_name=aa\",\"status\":\"200\",\"content_length\":\"1672\",\"responseTime\":\"354.299\"}","timestamp":"2025-03-17T09:07:42.434Z"}
{"level":"\u001b[32minfo\u001b[39m","message":"{\"method\":\"GET\",\"url\":\"/user/cases?page=1&limit=100&client_name=aa\",\"status\":\"200\",\"content_length\":\"1674\",\"responseTime\":\"87.843\"}","timestamp":"2025-03-17T09:07:48.178Z"}
{"level":"\u001b[32minfo\u001b[39m","message":"{\"method\":\"GET\",\"url\":\"/user/cases?page=1&limit=100&ref_number=aa\",\"status\":\"200\",\"content_length\":\"1674\",\"responseTime\":\"103.567\"}","timestamp":"2025-03-17T09:07:48.197Z"}
{"level":"\u001b[32minfo\u001b[39m","message":"{\"method\":\"GET\",\"url\":\"/user/67c5425bf76ea7ba4f81e267\",\"status\":\"304\",\"content_length\":\"-\",\"responseTime\":\"39.816\"}","timestamp":"2025-03-17T09:08:13.447Z"}
{"level":"\u001b[32minfo\u001b[39m","message":"{\"method\":\"GET\",\"url\":\"/user/cases?page=1&limit=5\",\"status\":\"200\",\"content_length\":\"7706\",\"responseTime\":\"124.119\"}","timestamp":"2025-03-17T09:08:13.520Z"}
{"level":"\u001b[32minfo\u001b[39m","message":"{\"method\":\"GET\",\"url\":\"/user/cases?page=2&limit=5\",\"status\":\"200\",\"content_length\":\"6938\",\"responseTime\":\"92.430\"}","timestamp":"2025-03-17T09:08:14.914Z"}
{"level":"\u001b[32minfo\u001b[39m","message":"{\"method\":\"GET\",\"url\":\"/user/cases?page=1&limit=10\",\"status\":\"200\",\"content_length\":\"14466\",\"responseTime\":\"93.959\"}","timestamp":"2025-03-17T09:08:17.972Z"}
{"level":"\u001b[32minfo\u001b[39m","message":"{\"method\":\"GET\",\"url\":\"/user/cases?page=3&limit=10\",\"status\":\"200\",\"content_length\":\"5294\",\"responseTime\":\"113.089\"}","timestamp":"2025-03-17T09:08:30.199Z"}
{"level":"\u001b[32minfo\u001b[39m","message":"{\"method\":\"GET\",\"url\":\"/user/cases?page=2&limit=10\",\"status\":\"200\",\"content_length\":\"9753\",\"responseTime\":\"92.054\"}","timestamp":"2025-03-17T09:08:31.398Z"}
{"level":"\u001b[32minfo\u001b[39m","message":"{\"method\":\"GET\",\"url\":\"/user/cases?page=1&limit=10\",\"status\":\"200\",\"content_length\":\"14466\",\"responseTime\":\"97.239\"}","timestamp":"2025-03-17T09:08:34.591Z"}
{"level":"\u001b[32minfo\u001b[39m","message":"{\"method\":\"GET\",\"url\":\"/user/cases?page=2&limit=10\",\"status\":\"200\",\"content_length\":\"9753\",\"responseTime\":\"92.868\"}","timestamp":"2025-03-17T09:08:37.135Z"}
{"level":"\u001b[32minfo\u001b[39m","message":"{\"method\":\"GET\",\"url\":\"/user/cases?page=1&limit=20\",\"status\":\"200\",\"content_length\":\"24037\",\"responseTime\":\"109.327\"}","timestamp":"2025-03-17T09:08:39.199Z"}
{"level":"\u001b[32minfo\u001b[39m","message":"{\"method\":\"GET\",\"url\":\"/user/cases?page=1&limit=20\",\"status\":\"200\",\"content_length\":\"24037\",\"responseTime\":\"94.694\"}","timestamp":"2025-03-17T09:08:58.037Z"}
{"level":"\u001b[32minfo\u001b[39m","message":"{\"method\":\"GET\",\"url\":\"/user/cases?page=2&limit=20\",\"status\":\"200\",\"content_length\":\"5294\",\"responseTime\":\"90.200\"}","timestamp":"2025-03-17T09:09:01.119Z"}
{"level":"\u001b[32minfo\u001b[39m","message":"{\"method\":\"GET\",\"url\":\"/user/cases?page=1&limit=20\",\"status\":\"200\",\"content_length\":\"24037\",\"responseTime\":\"99.039\"}","timestamp":"2025-03-17T09:09:02.568Z"}
{"level":"\u001b[32minfo\u001b[39m","message":"{\"method\":\"GET\",\"url\":\"/user/cases?page=2&limit=20\",\"status\":\"200\",\"content_length\":\"5294\",\"responseTime\":\"88.467\"}","timestamp":"2025-03-17T09:09:04.852Z"}
{"level":"\u001b[32minfo\u001b[39m","message":"{\"method\":\"GET\",\"url\":\"/user/67c5425bf76ea7ba4f81e267\",\"status\":\"304\",\"content_length\":\"-\",\"responseTime\":\"34.881\"}","timestamp":"2025-03-17T09:09:07.221Z"}
{"level":"\u001b[32minfo\u001b[39m","message":"{\"method\":\"GET\",\"url\":\"/user/cases?page=1&limit=5\",\"status\":\"200\",\"content_length\":\"7706\",\"responseTime\":\"120.460\"}","timestamp":"2025-03-17T09:09:07.353Z"}
{"level":"\u001b[32minfo\u001b[39m","message":"{\"method\":\"GET\",\"url\":\"/user/cases?page=2&limit=5\",\"status\":\"200\",\"content_length\":\"6938\",\"responseTime\":\"90.133\"}","timestamp":"2025-03-17T09:09:09.749Z"}
{"level":"\u001b[32minfo\u001b[39m","message":"{\"method\":\"GET\",\"url\":\"/user/cases?page=1&limit=50\",\"status\":\"200\",\"content_length\":\"29150\",\"responseTime\":\"105.869\"}","timestamp":"2025-03-17T09:09:14.338Z"}
{"level":"\u001b[32minfo\u001b[39m","message":"{\"method\":\"GET\",\"url\":\"/user/67c5425bf76ea7ba4f81e267\",\"status\":\"304\",\"content_length\":\"-\",\"responseTime\":\"342.020\"}","timestamp":"2025-03-17T09:10:53.596Z"}
{"level":"\u001b[32minfo\u001b[39m","message":"{\"method\":\"GET\",\"url\":\"/user/cases?page=1&limit=5\",\"status\":\"200\",\"content_length\":\"7706\",\"responseTime\":\"410.982\"}","timestamp":"2025-03-17T09:10:53.742Z"}
{"level":"\u001b[32minfo\u001b[39m","message":"{\"method\":\"GET\",\"url\":\"/user/cases?page=1&limit=10\",\"status\":\"200\",\"content_length\":\"14466\",\"responseTime\":\"122.632\"}","timestamp":"2025-03-17T09:11:04.940Z"}
{"level":"\u001b[32minfo\u001b[39m","message":"{\"method\":\"GET\",\"url\":\"/user/67c5425bf76ea7ba4f81e267\",\"status\":\"304\",\"content_length\":\"-\",\"responseTime\":\"45.834\"}","timestamp":"2025-03-17T09:11:24.179Z"}
{"level":"\u001b[32minfo\u001b[39m","message":"{\"method\":\"GET\",\"url\":\"/user/cases?page=1&limit=5\",\"status\":\"200\",\"content_length\":\"7706\",\"responseTime\":\"212.243\"}","timestamp":"2025-03-17T09:11:24.385Z"}
{"level":"\u001b[32minfo\u001b[39m","message":"{\"method\":\"GET\",\"url\":\"/user/cases?page=2&limit=5\",\"status\":\"200\",\"content_length\":\"6938\",\"responseTime\":\"105.929\"}","timestamp":"2025-03-17T09:11:27.190Z"}
{"level":"\u001b[32minfo\u001b[39m","message":"{\"method\":\"GET\",\"url\":\"/user/cases?page=1&limit=50\",\"status\":\"200\",\"content_length\":\"29150\",\"responseTime\":\"146.789\"}","timestamp":"2025-03-17T09:11:31.808Z"}
{"level":"\u001b[32minfo\u001b[39m","message":"{\"method\":\"GET\",\"url\":\"/user/67c5425bf76ea7ba4f81e267\",\"status\":\"304\",\"content_length\":\"-\",\"responseTime\":\"48.434\"}","timestamp":"2025-03-17T09:12:35.052Z"}
{"level":"\u001b[32minfo\u001b[39m","message":"{\"method\":\"GET\",\"url\":\"/user/cases?page=1&limit=5\",\"status\":\"200\",\"content_length\":\"7706\",\"responseTime\":\"178.207\"}","timestamp":"2025-03-17T09:12:35.342Z"}
{"level":"\u001b[32minfo\u001b[39m","message":"{\"method\":\"GET\",\"url\":\"/user/cases?page=2&limit=5\",\"status\":\"200\",\"content_length\":\"6938\",\"responseTime\":\"112.141\"}","timestamp":"2025-03-17T09:12:38.058Z"}
{"level":"\u001b[32minfo\u001b[39m","message":"{\"method\":\"GET\",\"url\":\"/user/cases?page=1&limit=50\",\"status\":\"200\",\"content_length\":\"29150\",\"responseTime\":\"146.699\"}","timestamp":"2025-03-17T09:12:40.812Z"}
{"level":"\u001b[32minfo\u001b[39m","message":"{\"method\":\"GET\",\"url\":\"/user/cases?page=1&limit=50\",\"status\":\"200\",\"content_length\":\"29150\",\"responseTime\":\"117.694\"}","timestamp":"2025-03-17T09:12:51.823Z"}
{"level":"\u001b[32minfo\u001b[39m","message":"{\"method\":\"GET\",\"url\":\"/user/67c5425bf76ea7ba4f81e267\",\"status\":\"304\",\"content_length\":\"-\",\"responseTime\":\"35.777\"}","timestamp":"2025-03-17T09:14:06.402Z"}
{"level":"\u001b[32minfo\u001b[39m","message":"{\"method\":\"GET\",\"url\":\"/user/cases?page=1&limit=5\",\"status\":\"200\",\"content_length\":\"7706\",\"responseTime\":\"158.115\"}","timestamp":"2025-03-17T09:14:06.569Z"}
{"level":"\u001b[32minfo\u001b[39m","message":"{\"method\":\"GET\",\"url\":\"/user/cases?page=2&limit=5\",\"status\":\"200\",\"content_length\":\"6938\",\"responseTime\":\"108.458\"}","timestamp":"2025-03-17T09:14:09.428Z"}
{"level":"\u001b[32minfo\u001b[39m","message":"{\"method\":\"GET\",\"url\":\"/user/cases?page=1&limit=50\",\"status\":\"200\",\"content_length\":\"29150\",\"responseTime\":\"303.996\"}","timestamp":"2025-03-17T09:14:13.666Z"}
{"level":"\u001b[32minfo\u001b[39m","message":"{\"method\":\"GET\",\"url\":\"/user/67c5425bf76ea7ba4f81e267\",\"status\":\"304\",\"content_length\":\"-\",\"responseTime\":\"67.922\"}","timestamp":"2025-03-17T09:16:46.556Z"}
{"level":"\u001b[32minfo\u001b[39m","message":"{\"method\":\"GET\",\"url\":\"/user/cases?page=1&limit=5\",\"status\":\"200\",\"content_length\":\"7706\",\"responseTime\":\"211.827\"}","timestamp":"2025-03-17T09:16:46.745Z"}
{"level":"\u001b[32minfo\u001b[39m","message":"{\"method\":\"GET\",\"url\":\"/user/cases?page=2&limit=5\",\"status\":\"200\",\"content_length\":\"6938\",\"responseTime\":\"109.125\"}","timestamp":"2025-03-17T09:16:48.721Z"}
{"level":"\u001b[32minfo\u001b[39m","message":"{\"method\":\"GET\",\"url\":\"/user/cases?page=1&limit=20\",\"status\":\"200\",\"content_length\":\"24037\",\"responseTime\":\"572.075\"}","timestamp":"2025-03-17T09:16:51.367Z"}
{"level":"\u001b[32minfo\u001b[39m","message":"{\"method\":\"GET\",\"url\":\"/user/67c5425bf76ea7ba4f81e267\",\"status\":\"304\",\"content_length\":\"-\",\"responseTime\":\"46.255\"}","timestamp":"2025-03-17T09:17:32.899Z"}
{"level":"\u001b[32minfo\u001b[39m","message":"{\"method\":\"GET\",\"url\":\"/user/cases?page=1&limit=5\",\"status\":\"200\",\"content_length\":\"7706\",\"responseTime\":\"187.170\"}","timestamp":"2025-03-17T09:17:33.145Z"}
{"level":"\u001b[32minfo\u001b[39m","message":"{\"method\":\"GET\",\"url\":\"/user/cases?page=1&limit=10\",\"status\":\"200\",\"content_length\":\"14466\",\"responseTime\":\"94.387\"}","timestamp":"2025-03-17T09:17:36.547Z"}
{"level":"\u001b[32minfo\u001b[39m","message":"{\"method\":\"GET\",\"url\":\"/user/cases?page=2&limit=10\",\"status\":\"200\",\"content_length\":\"9753\",\"responseTime\":\"96.161\"}","timestamp":"2025-03-17T09:17:41.725Z"}
{"level":"\u001b[32minfo\u001b[39m","message":"{\"method\":\"GET\",\"url\":\"/user/cases?page=1&limit=50\",\"status\":\"200\",\"content_length\":\"29150\",\"responseTime\":\"103.702\"}","timestamp":"2025-03-17T09:17:43.851Z"}
{"level":"\u001b[32minfo\u001b[39m","message":"{\"method\":\"GET\",\"url\":\"/user/67c5425bf76ea7ba4f81e267\",\"status\":\"304\",\"content_length\":\"-\",\"responseTime\":\"34.175\"}","timestamp":"2025-03-17T09:18:12.605Z"}
{"level":"\u001b[32minfo\u001b[39m","message":"{\"method\":\"GET\",\"url\":\"/user/cases?page=1&limit=5\",\"status\":\"200\",\"content_length\":\"7706\",\"responseTime\":\"143.920\"}","timestamp":"2025-03-17T09:18:12.771Z"}
{"level":"\u001b[32minfo\u001b[39m","message":"{\"method\":\"GET\",\"url\":\"/user/cases?page=2&limit=5\",\"status\":\"200\",\"content_length\":\"6938\",\"responseTime\":\"351.412\"}","timestamp":"2025-03-17T09:18:16.232Z"}
{"level":"\u001b[32minfo\u001b[39m","message":"{\"method\":\"GET\",\"url\":\"/user/67c5425bf76ea7ba4f81e267\",\"status\":\"304\",\"content_length\":\"-\",\"responseTime\":\"72.473\"}","timestamp":"2025-03-17T09:18:48.404Z"}
{"level":"\u001b[32minfo\u001b[39m","message":"{\"method\":\"GET\",\"url\":\"/user/cases?page=1&limit=5\",\"status\":\"200\",\"content_length\":\"7706\",\"responseTime\":\"123.316\"}","timestamp":"2025-03-17T09:18:48.484Z"}
{"level":"\u001b[32minfo\u001b[39m","message":"{\"method\":\"GET\",\"url\":\"/user/cases?page=2&limit=5\",\"status\":\"200\",\"content_length\":\"6938\",\"responseTime\":\"122.752\"}","timestamp":"2025-03-17T09:18:52.834Z"}
{"level":"\u001b[32minfo\u001b[39m","message":"{\"method\":\"GET\",\"url\":\"/user/cases?page=1&limit=5\",\"status\":\"200\",\"content_length\":\"7706\",\"responseTime\":\"90.283\"}","timestamp":"2025-03-17T09:18:54.651Z"}
{"level":"\u001b[32minfo\u001b[39m","message":"{\"method\":\"GET\",\"url\":\"/user/67c5425bf76ea7ba4f81e267\",\"status\":\"304\",\"content_length\":\"-\",\"responseTime\":\"50.074\"}","timestamp":"2025-03-17T09:19:16.803Z"}
{"level":"\u001b[32minfo\u001b[39m","message":"{\"method\":\"GET\",\"url\":\"/user/cases?page=1&limit=5\",\"status\":\"200\",\"content_length\":\"7706\",\"responseTime\":\"161.080\"}","timestamp":"2025-03-17T09:19:16.927Z"}
{"level":"\u001b[32minfo\u001b[39m","message":"{\"method\":\"GET\",\"url\":\"/user/67c5425bf76ea7ba4f81e267\",\"status\":\"304\",\"content_length\":\"-\",\"responseTime\":\"37.643\"}","timestamp":"2025-03-17T09:19:29.699Z"}
{"level":"\u001b[32minfo\u001b[39m","message":"{\"method\":\"GET\",\"url\":\"/user/cases?page=1&limit=5\",\"status\":\"200\",\"content_length\":\"7706\",\"responseTime\":\"120.280\"}","timestamp":"2025-03-17T09:19:29.843Z"}
{"level":"\u001b[32minfo\u001b[39m","message":"{\"method\":\"GET\",\"url\":\"/user/cases?page=2&limit=5\",\"status\":\"200\",\"content_length\":\"6938\",\"responseTime\":\"92.695\"}","timestamp":"2025-03-17T09:19:32.352Z"}
{"level":"\u001b[32minfo\u001b[39m","message":"{\"method\":\"GET\",\"url\":\"/user/cases?page=1&limit=100\",\"status\":\"200\",\"content_length\":\"29151\",\"responseTime\":\"106.088\"}","timestamp":"2025-03-17T09:19:35.446Z"}
{"level":"\u001b[32minfo\u001b[39m","message":"{\"method\":\"GET\",\"url\":\"/user/cases?page=1&limit=100\",\"status\":\"200\",\"content_length\":\"29151\",\"responseTime\":\"110.682\"}","timestamp":"2025-03-17T09:19:40.520Z"}
{"level":"\u001b[32minfo\u001b[39m","message":"{\"method\":\"GET\",\"url\":\"/user/67c5425bf76ea7ba4f81e267\",\"status\":\"304\",\"content_length\":\"-\",\"responseTime\":\"41.860\"}","timestamp":"2025-03-17T09:20:51.691Z"}
{"level":"\u001b[32minfo\u001b[39m","message":"{\"method\":\"GET\",\"url\":\"/user/cases?page=1&limit=5\",\"status\":\"200\",\"content_length\":\"7706\",\"responseTime\":\"139.201\"}","timestamp":"2025-03-17T09:20:51.802Z"}
{"level":"\u001b[32minfo\u001b[39m","message":"{\"method\":\"GET\",\"url\":\"/user/cases?page=2&limit=5\",\"status\":\"200\",\"content_length\":\"6938\",\"responseTime\":\"98.020\"}","timestamp":"2025-03-17T09:20:54.235Z"}
{"level":"\u001b[32minfo\u001b[39m","message":"{\"method\":\"GET\",\"url\":\"/user/cases?page=1&limit=100\",\"status\":\"200\",\"content_length\":\"29151\",\"responseTime\":\"595.975\"}","timestamp":"2025-03-17T09:20:59.058Z"}
{"level":"\u001b[32minfo\u001b[39m","message":"{\"method\":\"GET\",\"url\":\"/user/cases?page=1&limit=50\",\"status\":\"200\",\"content_length\":\"29150\",\"responseTime\":\"112.491\"}","timestamp":"2025-03-17T09:21:06.231Z"}
{"level":"\u001b[32minfo\u001b[39m","message":"{\"method\":\"GET\",\"url\":\"/user/cases?page=1&limit=10\",\"status\":\"200\",\"content_length\":\"14466\",\"responseTime\":\"90.152\"}","timestamp":"2025-03-17T09:21:09.635Z"}
{"level":"\u001b[32minfo\u001b[39m","message":"{\"method\":\"GET\",\"url\":\"/user/cases?page=2&limit=10\",\"status\":\"200\",\"content_length\":\"9753\",\"responseTime\":\"94.147\"}","timestamp":"2025-03-17T09:21:11.621Z"}
{"level":"\u001b[32minfo\u001b[39m","message":"{\"method\":\"GET\",\"url\":\"/user/cases?page=3&limit=10\",\"status\":\"200\",\"content_length\":\"5294\",\"responseTime\":\"335.132\"}","timestamp":"2025-03-17T09:21:13.920Z"}
{"level":"\u001b[32minfo\u001b[39m","message":"{\"method\":\"GET\",\"url\":\"/user/cases?page=1&limit=20\",\"status\":\"200\",\"content_length\":\"24037\",\"responseTime\":\"104.279\"}","timestamp":"2025-03-17T09:21:15.457Z"}
{"level":"\u001b[32minfo\u001b[39m","message":"{\"method\":\"GET\",\"url\":\"/user/cases?page=1&limit=50\",\"status\":\"200\",\"content_length\":\"29150\",\"responseTime\":\"99.161\"}","timestamp":"2025-03-17T09:21:20.871Z"}
{"level":"\u001b[32minfo\u001b[39m","message":"{\"method\":\"GET\",\"url\":\"/user/67c5425bf76ea7ba4f81e267\",\"status\":\"304\",\"content_length\":\"-\",\"responseTime\":\"65.691\"}","timestamp":"2025-03-17T09:23:38.900Z"}
{"level":"\u001b[32minfo\u001b[39m","message":"{\"method\":\"GET\",\"url\":\"/user/cases?page=1&limit=5\",\"status\":\"200\",\"content_length\":\"7706\",\"responseTime\":\"215.100\"}","timestamp":"2025-03-17T09:23:39.179Z"}
{"level":"\u001b[32minfo\u001b[39m","message":"{\"method\":\"GET\",\"url\":\"/user/67c5425bf76ea7ba4f81e267\",\"status\":\"304\",\"content_length\":\"-\",\"responseTime\":\"142.570\"}","timestamp":"2025-03-17T09:26:29.596Z"}
{"level":"\u001b[32minfo\u001b[39m","message":"{\"method\":\"GET\",\"url\":\"/user/cases?page=1&limit=5\",\"status\":\"200\",\"content_length\":\"7706\",\"responseTime\":\"158.092\"}","timestamp":"2025-03-17T09:26:29.681Z"}
{"level":"\u001b[32minfo\u001b[39m","message":"{\"method\":\"GET\",\"url\":\"/user/cases?page=2&limit=5\",\"status\":\"200\",\"content_length\":\"6938\",\"responseTime\":\"99.006\"}","timestamp":"2025-03-17T09:26:37.225Z"}
{"level":"\u001b[32minfo\u001b[39m","message":"{\"method\":\"GET\",\"url\":\"/user/cases?page=1&limit=100\",\"status\":\"200\",\"content_length\":\"29151\",\"responseTime\":\"105.247\"}","timestamp":"2025-03-17T09:26:39.781Z"}
{"level":"\u001b[32minfo\u001b[39m","message":"{\"method\":\"GET\",\"url\":\"/status\",\"status\":\"200\",\"content_length\":\"15995\",\"responseTime\":\"47.483\"}","timestamp":"2025-03-17T09:34:52.505Z"}
{"level":"\u001b[32minfo\u001b[39m","message":"{\"method\":\"GET\",\"url\":\"/favicon.ico\",\"status\":\"404\",\"content_length\":\"69\",\"responseTime\":\"1.884\"}","timestamp":"2025-03-17T09:34:52.901Z"}
{"level":"\u001b[32minfo\u001b[39m","message":"{\"method\":\"GET\",\"url\":\"/status\",\"status\":\"304\",\"content_length\":\"-\",\"responseTime\":\"1.171\"}","timestamp":"2025-03-17T09:35:36.060Z"}
{"level":"\u001b[32minfo\u001b[39m","message":"{\"method\":\"GET\",\"url\":\"/user/67c5425bf76ea7ba4f81e267\",\"status\":\"304\",\"content_length\":\"-\",\"responseTime\":\"77.658\"}","timestamp":"2025-03-17T09:35:47.845Z"}
{"level":"\u001b[32minfo\u001b[39m","message":"{\"method\":\"GET\",\"url\":\"/user/cases?page=1&limit=5\",\"status\":\"200\",\"content_length\":\"7706\",\"responseTime\":\"190.433\"}","timestamp":"2025-03-17T09:35:48.038Z"}
{"level":"\u001b[32minfo\u001b[39m","message":"{\"method\":\"GET\",\"url\":\"/status\",\"status\":\"304\",\"content_length\":\"-\",\"responseTime\":\"0.612\"}","timestamp":"2025-03-17T09:35:51.301Z"}
{"level":"\u001b[32minfo\u001b[39m","message":"{\"method\":\"GET\",\"url\":\"/user/cases?page=1&limit=5&case_status=inProgress\",\"status\":\"200\",\"content_length\":\"180\",\"responseTime\":\"37.810\"}","timestamp":"2025-03-17T09:36:02.248Z"}
{"level":"\u001b[32minfo\u001b[39m","message":"{\"method\":\"GET\",\"url\":\"/user/cases?page=1&limit=5&case_status=uploaded\",\"status\":\"200\",\"content_length\":\"6818\",\"responseTime\":\"111.914\"}","timestamp":"2025-03-17T09:36:04.703Z"}
